#
# A fatal error has been detected by the Java Runtime Environment:
#
#  SIGSEGV (0xb) at pc=0x00007f9cfe6fc863, pid=14275, tid=0x00007f9cd2eee700
#
# JRE version: OpenJDK Runtime Environment (8.0_152-b01) (build 1.8.0_152-release-915-b01)
# Java VM: OpenJDK 64-Bit Server VM (25.152-b01 mixed mode linux-amd64 compressed oops)
# Problematic frame:
# V  [libjvm.so+0x8bd863]  oopDesc* PSPromotionManager::copy_to_survivor_space<false>(oopDesc*)+0x2c3
#
# Core dump written. Default location: /home/cristiano/AndroidStudioProjects/PesquisaYoutube/core or core.14275
#
# If you would like to submit a bug report, please visit:
#   http://bugreport.java.com/bugreport/crash.jsp
#

---------------  T H R E A D  ---------------

Current thread (0x00007f9cf8080000):  VMThread [stack: 0x00007f9cd2dee000,0x00007f9cd2eef000] [id=14287]

siginfo: si_signo: 11 (SIGSEGV), si_code: 2 (SEGV_ACCERR), si_addr: 0x0000000102000770

Registers:
RAX=0x0000000000000001, RBX=0x00000000e65e2df8, RCX=0x0000000000000003, RDX=0x00007f9cfeceaca0
RSP=0x00007f9cd2eed500, RBP=0x00007f9cd2eed560, RSI=0x00000000e65e2df8, RDI=0x0000000102000768
R8 =0x0000000000000001, R9 =0xfffffffff59ada28, R10=0x0000000000000003, R11=0x00000000f0c376a8
R12=0x00000000f0b992d4, R13=0x0000000000000001, R14=0x00007f9cf807db80, R15=0x00007f9cfeceacb0
RIP=0x00007f9cfe6fc863, EFLAGS=0x0000000000010202, CSGSFS=0x0000000000000033, ERR=0x0000000000000004
  TRAPNO=0x000000000000000e

Top of Stack: (sp=0x00007f9cd2eed500)
0x00007f9cd2eed500:   00007f9cd2eed560 00007f9cfe424851
0x00007f9cd2eed510:   00007f9cd2eeda40 0000000000000001
0x00007f9cd2eed520:   00000000f0c2f6b8 0000000000001000
0x00007f9cd2eed530:   000000000000007f 00007f9cf807db80
0x00007f9cd2eed540:   00000000f0b992d4 0000000000000001
0x00007f9cd2eed550:   00007f9cf807dc18 00007f9cfeceacb0
0x00007f9cd2eed560:   00007f9cd2eed5d0 00007f9cfe6fc068
0x00007f9cd2eed570:   00007f9cd2eedabf 00007f9cf807dbe8
0x00007f9cd2eed580:   00007f9cd2eedabf 00000000f0b9cfd8
0x00007f9cd2eed590:   00000000f0b98030 0000000000001000
0x00007f9cd2eed5a0:   0000000000000001 00007f9cd2eed900
0x00007f9cd2eed5b0:   0000000000000000 00000000f0793200
0x00007f9cd2eed5c0:   00000000f0793218 00007f9cd2eed950
0x00007f9cd2eed5d0:   00007f9cd2eed5f0 00007f9cfe6ff7fa
0x00007f9cd2eed5e0:   00007f9cfed09985 00007f9cfed09985
0x00007f9cd2eed5f0:   00007f9cd2eed670 00007f9cfe705a5c
0x00007f9cd2eed600:   00000000f070f244 00000000000083b0
0x00007f9cd2eed610:   00007f9cd2eed900 00007f9ca835d0f8
0x00007f9cd2eed620:   00007f9ca8355720 00007f9cf807f9a0
0x00007f9cd2eed630:   00007f9ca8355110 00000000f0793200
0x00007f9cd2eed640:   0000000700000001 0000000000000c8c
0x00007f9cd2eed650:   00007f9cf807b050 0000000000000001
0x00007f9cd2eed660:   00007f9cd2eed950 00007f9cf807ae60
0x00007f9cd2eed670:   00007f9cd2eed6f0 00007f9cfe706335
0x00007f9cd2eed680:   00007f9cd2eed6a0 0000000000000000
0x00007f9cd2eed690:   00007f9cd2eed900 00007f9cfed14760
0x00007f9cd2eed6a0:   00007f9cfe8ad13e 0000000000000004
0x00007f9cd2eed6b0:   00007f9cd2eed768 00007f9cfed14760
0x00007f9cd2eed6c0:   00007f9cd2eed6f0 00007f9cf807ae60
0x00007f9cd2eed6d0:   00007f9cd2eed750 0000000000000000
0x00007f9cd2eed6e0:   00007f9cd2eed900 00007f9cfed14760
0x00007f9cd2eed6f0:   00007f9cd2eed7a0 00007f9cfe7068be 

Instructions: (pc=0x00007f9cfe6fc863)
0x00007f9cfe6fc843:   e9 3d fe ff ff 0f 1f 84 00 00 00 00 00 48 8d 15
0x00007f9cfe6fc853:   49 e4 5e 00 8b 7e 08 8b 4a 08 48 d3 e7 48 03 3a
0x00007f9cfe6fc863:   8b 4f 08 83 f9 00 0f 8f 7d fd ff ff 0f 85 3b 02
0x00007f9cfe6fc873:   00 00 0f 1f 00 48 8b 07 4c 89 45 b8 48 89 de ff 

Register to memory mapping:

RAX=0x0000000000000001 is an unknown value
RBX=0x00000000e65e2df8 is an oop

[error occurred during error reporting (printing register info), id 0xb]

Stack: [0x00007f9cd2dee000,0x00007f9cd2eef000],  sp=0x00007f9cd2eed500,  free space=1021k
Native frames: (J=compiled Java code, j=interpreted, Vv=VM code, C=native code)
V  [libjvm.so+0x8bd863]  oopDesc* PSPromotionManager::copy_to_survivor_space<false>(oopDesc*)+0x2c3
V  [libjvm.so+0x8bd068]  PSPromotionManager::drain_stacks_depth(bool)+0x6d8
V  [libjvm.so+0x8c07fa]  PSEvacuateFollowersClosure::do_void()+0x1a
V  [libjvm.so+0x8c6a5c]  ReferenceProcessor::process_phase3(DiscoveredList&, bool, BoolObjectClosure*, OopClosure*, VoidClosure*)+0xac
V  [libjvm.so+0x8c7335]  ReferenceProcessor::process_discovered_reflist(DiscoveredList*, ReferencePolicy*, bool, BoolObjectClosure*, OopClosure*, VoidClosure*, AbstractRefProcTaskExecutor*) [clone .constprop.174]+0x135
V  [libjvm.so+0x8c78be]  ReferenceProcessor::process_discovered_references(BoolObjectClosure*, OopClosure*, VoidClosure*, AbstractRefProcTaskExecutor*, GCTimer*, GCId)+0x16e
V  [libjvm.so+0x8bf88b]  PSScavenge::invoke_no_policy()+0x99b
V  [libjvm.so+0x8c0478]  PSScavenge::invoke()+0x38
V  [libjvm.so+0x8748f3]  ParallelScavengeHeap::failed_mem_allocate(unsigned long)+0x63
V  [libjvm.so+0x9ecc84]  VM_ParallelGCFailedAllocation::doit()+0x84
V  [libjvm.so+0x9f1197]  VM_Operation::evaluate()+0x47
V  [libjvm.so+0x9efb78]  VMThread::evaluate_operation(VM_Operation*)+0x2c8
V  [libjvm.so+0x9efff9]  VMThread::loop()+0x219
V  [libjvm.so+0x9f0442]  VMThread::run()+0x72
V  [libjvm.so+0x84e792]  java_start(Thread*)+0xf2

VM_Operation (0x00007f9cd05bcd00): ParallelGCFailedAllocation, mode: safepoint, requested by thread 0x00007f9c8c00a000


---------------  P R O C E S S  ---------------

Java Threads: ( => current thread )
  0x00007f9c78cce000 JavaThread "Cache worker for Artifact transforms cache (/home/cristiano/.gradle/caches/transforms-1)" [_thread_blocked, id=14311, stack(0x00007f9c98079000,0x00007f9c9817a000)]
  0x00007f9c781e2000 JavaThread "Cache worker for file hash cache (/home/cristiano/AndroidStudioProjects/PesquisaYoutube/.gradle/4.1/fileHashes)" [_thread_blocked, id=14310, stack(0x00007f9c98afc000,0x00007f9c98bfd000)]
  0x00007f9c7810b800 JavaThread "File lock request listener" [_thread_in_native, id=14309, stack(0x00007f9c98dfd000,0x00007f9c98efe000)]
  0x00007f9c780ff800 JavaThread "Cache worker for file hash cache (/home/cristiano/.gradle/caches/4.1/fileHashes)" [_thread_blocked, id=14308, stack(0x00007f9c98efe000,0x00007f9c98fff000)]
  0x00007f9c7800e000 JavaThread "Stdin handler" [_thread_blocked, id=14307, stack(0x00007f9cd00c0000,0x00007f9cd01c1000)]
  0x00007f9c78011000 JavaThread "Asynchronous log dispatcher for DefaultDaemonConnection: socket connection from /127.0.0.1:43359 to /127.0.0.1:39230" [_thread_blocked, id=14306, stack(0x00007f9cd01c1000,0x00007f9cd02c2000)]
  0x00007f9c8c00a000 JavaThread "Daemon worker" [_thread_blocked, id=14303, stack(0x00007f9cd04c2000,0x00007f9cd05c3000)]
  0x00007f9c8c008800 JavaThread "Cancel handler" [_thread_blocked, id=14302, stack(0x00007f9cd05c3000,0x00007f9cd06c4000)]
  0x00007f9c8c006000 JavaThread "Handler for socket connection from /127.0.0.1:43359 to /127.0.0.1:39230" [_thread_in_native, id=14301, stack(0x00007f9cd06c4000,0x00007f9cd07c5000)]
  0x00007f9c9001a800 JavaThread "Daemon" [_thread_blocked, id=14300, stack(0x00007f9cd07c5000,0x00007f9cd08c6000)]
  0x00007f9cf8d72800 JavaThread "Daemon periodic checks" [_thread_blocked, id=14299, stack(0x00007f9cd08c6000,0x00007f9cd09c7000)]
  0x00007f9cf8d58000 JavaThread "Incoming local TCP Connector on port 43359" [_thread_in_native, id=14298, stack(0x00007f9cd09d0000,0x00007f9cd0ad1000)]
  0x00007f9cf80cb000 JavaThread "Service Thread" daemon [_thread_blocked, id=14295, stack(0x00007f9cd2309000,0x00007f9cd240a000)]
  0x00007f9cf80c7800 JavaThread "C1 CompilerThread3" daemon [_thread_blocked, id=14294, stack(0x00007f9cd240a000,0x00007f9cd250b000)]
  0x00007f9cf80c5800 JavaThread "C2 CompilerThread2" daemon [_thread_blocked, id=14293, stack(0x00007f9cd250b000,0x00007f9cd260c000)]
  0x00007f9cf80c3800 JavaThread "C2 CompilerThread1" daemon [_thread_blocked, id=14292, stack(0x00007f9cd260c000,0x00007f9cd270d000)]
  0x00007f9cf80c1000 JavaThread "C2 CompilerThread0" daemon [_thread_blocked, id=14291, stack(0x00007f9cd270d000,0x00007f9cd280e000)]
  0x00007f9cf80bf800 JavaThread "Signal Dispatcher" daemon [_thread_blocked, id=14290, stack(0x00007f9cd280e000,0x00007f9cd290f000)]
  0x00007f9cf808c800 JavaThread "Finalizer" daemon [_thread_blocked, id=14289, stack(0x00007f9cd2bec000,0x00007f9cd2ced000)]
  0x00007f9cf8088000 JavaThread "Reference Handler" daemon [_thread_blocked, id=14288, stack(0x00007f9cd2ced000,0x00007f9cd2dee000)]
  0x00007f9cf800a800 JavaThread "main" [_thread_blocked, id=14278, stack(0x00007f9cff845000,0x00007f9cff946000)]

Other Threads:
=>0x00007f9cf8080000 VMThread [stack: 0x00007f9cd2dee000,0x00007f9cd2eef000] [id=14287]
  0x00007f9cf80cd000 WatcherThread [stack: 0x00007f9cd2208000,0x00007f9cd2309000] [id=14296]

VM state:at safepoint (normal execution)

VM Mutex/Monitor currently owned by a thread:  ([mutex/lock_event])
[0x00007f9cf8006f60] Threads_lock - owner thread: 0x00007f9cf8080000
[0x00007f9cf8007460] Heap_lock - owner thread: 0x00007f9c8c00a000

Heap:
 PSYoungGen      total 139264K, used 129024K [0x00000000e0000000, 0x00000000f1000000, 0x0000000100000000)
  eden space 129024K, 100% used [0x00000000e0000000,0x00000000e7e00000,0x00000000e7e00000)
  from space 10240K, 0% used [0x00000000e7e00000,0x00000000e7e00000,0x00000000e8800000)
  to   space 10240K, 62% used [0x00000000f0600000,0x00000000f0c376b8,0x00000000f1000000)
 ParOldGen       total 91136K, used 6351K [0x00000000a0000000, 0x00000000a5900000, 0x00000000e0000000)
  object space 91136K, 6% used [0x00000000a0000000,0x00000000a0633df8,0x00000000a5900000)
 Metaspace       used 29876K, capacity 30550K, committed 30720K, reserved 1075200K
  class space    used 4083K, capacity 4290K, committed 4352K, reserved 1048576K

Card table byte_map: [0x00007f9cfc3a6000,0x00007f9cfc6a7000] byte_map_base: 0x00007f9cfbea6000

Marking Bits: (ParMarkBitMap*) 0x00007f9cfed143e0
 Begin Bits: [0x00007f9ce1000000, 0x00007f9ce2800000)
 End Bits:   [0x00007f9ce2800000, 0x00007f9ce4000000)

Polling page: 0x00007f9cff97a000

CodeCache: size=245760Kb used=10807Kb max_used=10807Kb free=234953Kb
 bounds [0x00007f9ce9000000, 0x00007f9ce9aa0000, 0x00007f9cf8000000]
 total_blobs=3449 nmethods=2799 adapters=565
 compilation: enabled

Compilation events (10 events):
Event: 3,200 Thread 0x00007f9cf80c7800 2812       3       com.sun.org.apache.xerces.internal.util.XMLAttributesImpl::addAttribute (9 bytes)
Event: 3,200 Thread 0x00007f9cf80c7800 nmethod 2812 0x00007f9ce9a8a290 code [0x00007f9ce9a8a400, 0x00007f9ce9a8a608]
Event: 3,200 Thread 0x00007f9cf80c7800 2813       3       com.sun.org.apache.xerces.internal.util.XMLAttributesImpl::addAttribute (681 bytes)
Event: 3,203 Thread 0x00007f9cf80c5800 nmethod 2802 0x00007f9ce9a92a50 code [0x00007f9ce9a92c20, 0x00007f9ce9a93428]
Event: 3,203 Thread 0x00007f9cf80c5800 2808   !   4       com.sun.org.apache.xerces.internal.impl.XMLDocumentFragmentScannerImpl$FragmentContentDriver::next (2346 bytes)
Event: 3,204 Thread 0x00007f9cf80c7800 nmethod 2813 0x00007f9ce9a94110 code [0x00007f9ce9a945e0, 0x00007f9ce9a97c78]
Event: 3,204 Thread 0x00007f9cf80c7800 2809       3       org.gradle.internal.resolve.result.DefaultBuildableComponentResolveResult::hasResult (20 bytes)
Event: 3,204 Thread 0x00007f9cf80c7800 nmethod 2809 0x00007f9ce9a86510 code [0x00007f9ce9a86680, 0x00007f9ce9a86870]
Event: 3,204 Thread 0x00007f9cf80c7800 2817       1       com.sun.org.apache.xerces.internal.impl.XMLEntityManager::getCurrentEntity (5 bytes)
Event: 3,204 Thread 0x00007f9cf80c7800 nmethod 2817 0x00007f9ce9a89f90 code [0x00007f9ce9a8a0e0, 0x00007f9ce9a8a1f0]

GC Heap History (9 events):
Event: 0,874 GC heap before
{Heap before GC invocations=1 (full 0):
 PSYoungGen      total 74752K, used 64512K [0x00000000e0000000, 0x00000000e5300000, 0x0000000100000000)
  eden space 64512K, 100% used [0x00000000e0000000,0x00000000e3f00000,0x00000000e3f00000)
  from space 10240K, 0% used [0x00000000e4900000,0x00000000e4900000,0x00000000e5300000)
  to   space 10240K, 0% used [0x00000000e3f00000,0x00000000e3f00000,0x00000000e4900000)
 ParOldGen       total 171008K, used 0K [0x00000000a0000000, 0x00000000aa700000, 0x00000000e0000000)
  object space 171008K, 0% used [0x00000000a0000000,0x00000000a0000000,0x00000000aa700000)
 Metaspace       used 11366K, capacity 11758K, committed 11904K, reserved 1058816K
  class space    used 1506K, capacity 1631K, committed 1664K, reserved 1048576K
Event: 0,886 GC heap after
Heap after GC invocations=1 (full 0):
 PSYoungGen      total 74752K, used 7924K [0x00000000e0000000, 0x00000000e9200000, 0x0000000100000000)
  eden space 64512K, 0% used [0x00000000e0000000,0x00000000e0000000,0x00000000e3f00000)
  from space 10240K, 77% used [0x00000000e3f00000,0x00000000e46bd0a8,0x00000000e4900000)
  to   space 10240K, 0% used [0x00000000e8800000,0x00000000e8800000,0x00000000e9200000)
 ParOldGen       total 171008K, used 16K [0x00000000a0000000, 0x00000000aa700000, 0x00000000e0000000)
  object space 171008K, 0% used [0x00000000a0000000,0x00000000a0004000,0x00000000aa700000)
 Metaspace       used 11366K, capacity 11758K, committed 11904K, reserved 1058816K
  class space    used 1506K, capacity 1631K, committed 1664K, reserved 1048576K
}
Event: 1,669 GC heap before
{Heap before GC invocations=2 (full 0):
 PSYoungGen      total 74752K, used 72436K [0x00000000e0000000, 0x00000000e9200000, 0x0000000100000000)
  eden space 64512K, 100% used [0x00000000e0000000,0x00000000e3f00000,0x00000000e3f00000)
  from space 10240K, 77% used [0x00000000e3f00000,0x00000000e46bd0a8,0x00000000e4900000)
  to   space 10240K, 0% used [0x00000000e8800000,0x00000000e8800000,0x00000000e9200000)
 ParOldGen       total 171008K, used 16K [0x00000000a0000000, 0x00000000aa700000, 0x00000000e0000000)
  object space 171008K, 0% used [0x00000000a0000000,0x00000000a0004000,0x00000000aa700000)
 Metaspace       used 19910K, capacity 20436K, committed 20608K, reserved 1067008K
  class space    used 2757K, capacity 2913K, committed 2944K, reserved 1048576K
Event: 1,687 GC heap after
Heap after GC invocations=2 (full 0):
 PSYoungGen      total 139264K, used 10210K [0x00000000e0000000, 0x00000000e9200000, 0x0000000100000000)
  eden space 129024K, 0% used [0x00000000e0000000,0x00000000e0000000,0x00000000e7e00000)
  from space 10240K, 99% used [0x00000000e8800000,0x00000000e91f88c8,0x00000000e9200000)
  to   space 10240K, 0% used [0x00000000e7e00000,0x00000000e7e00000,0x00000000e8800000)
 ParOldGen       total 171008K, used 2250K [0x00000000a0000000, 0x00000000aa700000, 0x00000000e0000000)
  object space 171008K, 1% used [0x00000000a0000000,0x00000000a0232970,0x00000000aa700000)
 Metaspace       used 19910K, capacity 20436K, committed 20608K, reserved 1067008K
  class space    used 2757K, capacity 2913K, committed 2944K, reserved 1048576K
}
Event: 1,729 GC heap before
{Heap before GC invocations=3 (full 0):
 PSYoungGen      total 139264K, used 12730K [0x00000000e0000000, 0x00000000e9200000, 0x0000000100000000)
  eden space 129024K, 1% used [0x00000000e0000000,0x00000000e0276078,0x00000000e7e00000)
  from space 10240K, 99% used [0x00000000e8800000,0x00000000e91f88c8,0x00000000e9200000)
  to   space 10240K, 0% used [0x00000000e7e00000,0x00000000e7e00000,0x00000000e8800000)
 ParOldGen       total 171008K, used 2250K [0x00000000a0000000, 0x00000000aa700000, 0x00000000e0000000)
  object space 171008K, 1% used [0x00000000a0000000,0x00000000a0232970,0x00000000aa700000)
 Metaspace       used 20530K, capacity 21044K, committed 21248K, reserved 1067008K
  class space    used 2844K, capacity 3009K, committed 3072K, reserved 1048576K
Event: 1,743 GC heap after
Heap after GC invocations=3 (full 0):
 PSYoungGen      total 139264K, used 6532K [0x00000000e0000000, 0x00000000f1000000, 0x0000000100000000)
  eden space 129024K, 0% used [0x00000000e0000000,0x00000000e0000000,0x00000000e7e00000)
  from space 10240K, 63% used [0x00000000e7e00000,0x00000000e8461270,0x00000000e8800000)
  to   space 10240K, 0% used [0x00000000f0600000,0x00000000f0600000,0x00000000f1000000)
 ParOldGen       total 171008K, used 2258K [0x00000000a0000000, 0x00000000aa700000, 0x00000000e0000000)
  object space 171008K, 1% used [0x00000000a0000000,0x00000000a0234970,0x00000000aa700000)
 Metaspace       used 20530K, capacity 21044K, committed 21248K, reserved 1067008K
  class space    used 2844K, capacity 3009K, committed 3072K, reserved 1048576K
}
Event: 1,743 GC heap before
{Heap before GC invocations=4 (full 1):
 PSYoungGen      total 139264K, used 6532K [0x00000000e0000000, 0x00000000f1000000, 0x0000000100000000)
  eden space 129024K, 0% used [0x00000000e0000000,0x00000000e0000000,0x00000000e7e00000)
  from space 10240K, 63% used [0x00000000e7e00000,0x00000000e8461270,0x00000000e8800000)
  to   space 10240K, 0% used [0x00000000f0600000,0x00000000f0600000,0x00000000f1000000)
 ParOldGen       total 171008K, used 2258K [0x00000000a0000000, 0x00000000aa700000, 0x00000000e0000000)
  object space 171008K, 1% used [0x00000000a0000000,0x00000000a0234970,0x00000000aa700000)
 Metaspace       used 20530K, capacity 21044K, committed 21248K, reserved 1067008K
  class space    used 2844K, capacity 3009K, committed 3072K, reserved 1048576K
Event: 1,802 GC heap after
Heap after GC invocations=4 (full 1):
 PSYoungGen      total 139264K, used 0K [0x00000000e0000000, 0x00000000f1000000, 0x0000000100000000)
  eden space 129024K, 0% used [0x00000000e0000000,0x00000000e0000000,0x00000000e7e00000)
  from space 10240K, 0% used [0x00000000e7e00000,0x00000000e7e00000,0x00000000e8800000)
  to   space 10240K, 0% used [0x00000000f0600000,0x00000000f0600000,0x00000000f1000000)
 ParOldGen       total 91136K, used 6343K [0x00000000a0000000, 0x00000000a5900000, 0x00000000e0000000)
  object space 91136K, 6% used [0x00000000a0000000,0x00000000a0631df8,0x00000000a5900000)
 Metaspace       used 20530K, capacity 21044K, committed 21248K, reserved 1067008K
  class space    used 2844K, capacity 3009K, committed 3072K, reserved 1048576K
}
Event: 3,204 GC heap before
{Heap before GC invocations=5 (full 1):
 PSYoungGen      total 139264K, used 129024K [0x00000000e0000000, 0x00000000f1000000, 0x0000000100000000)
  eden space 129024K, 100% used [0x00000000e0000000,0x00000000e7e00000,0x00000000e7e00000)
  from space 10240K, 0% used [0x00000000e7e00000,0x00000000e7e00000,0x00000000e8800000)
  to   space 10240K, 0% used [0x00000000f0600000,0x00000000f0600000,0x00000000f1000000)
 ParOldGen       total 91136K, used 6343K [0x00000000a0000000, 0x00000000a5900000, 0x00000000e0000000)
  object space 91136K, 6% used [0x00000000a0000000,0x00000000a0631df8,0x00000000a5900000)
 Metaspace       used 29876K, capacity 30550K, committed 30720K, reserved 1075200K
  class space    used 4083K, capacity 4290K, committed 4352K, reserved 1048576K

Deoptimization events (10 events):
Event: 2,970 Thread 0x00007f9c8c00a000 Uncommon trap: reason=unstable_if action=reinterpret pc=0x00007f9ce992f374 method=com.sun.org.apache.xerces.internal.impl.XMLEntityScanner.peekChar()I @ 14
Event: 3,037 Thread 0x00007f9c8c00a000 Uncommon trap: reason=unstable_if action=reinterpret pc=0x00007f9ce9912914 method=com.sun.org.apache.xerces.internal.impl.XMLEntityScanner.checkBeforeLoad(Lcom/sun/xml/internal/stream/Entity$ScannedEntity;II)I @ 18
Event: 3,040 Thread 0x00007f9c8c00a000 Uncommon trap: reason=unstable_if action=reinterpret pc=0x00007f9ce98df088 method=com.sun.org.apache.xerces.internal.dom.ParentNode.nodeListGetLength()I @ 11
Event: 3,046 Thread 0x00007f9c8c00a000 Uncommon trap: reason=unstable_if action=reinterpret pc=0x00007f9ce98ea008 method=com.sun.org.apache.xerces.internal.dom.ParentNode.nodeListGetLength()I @ 11
Event: 3,163 Thread 0x00007f9c8c00a000 Uncommon trap: reason=unstable_if action=reinterpret pc=0x00007f9ce9946608 method=com.sun.org.apache.xerces.internal.impl.XMLEntityScanner.skipSpaces()Z @ 85
Event: 3,163 Thread 0x00007f9c8c00a000 Uncommon trap: reason=unstable_if action=reinterpret pc=0x00007f9ce9a43c90 method=com.sun.org.apache.xerces.internal.impl.XMLEntityScanner.peekChar()I @ 51
Event: 3,163 Thread 0x00007f9c8c00a000 Uncommon trap: reason=unstable_if action=reinterpret pc=0x00007f9ce997456c method=com.sun.org.apache.xerces.internal.impl.XMLEntityScanner.scanContent(Lcom/sun/org/apache/xerces/internal/xni/XMLString;)I @ 127
Event: 3,163 Thread 0x00007f9c8c00a000 Uncommon trap: reason=unstable_if action=reinterpret pc=0x00007f9ce997fc54 method=com.sun.org.apache.xerces.internal.impl.XMLEntityScanner.peekChar()I @ 51
Event: 3,195 Thread 0x00007f9c8c00a000 Uncommon trap: reason=unstable_if action=reinterpret pc=0x00007f9ce99e88a4 method=com.sun.org.apache.xerces.internal.impl.XMLEntityScanner.checkBeforeLoad(Lcom/sun/xml/internal/stream/Entity$ScannedEntity;II)I @ 18
Event: 3,196 Thread 0x00007f9c8c00a000 Uncommon trap: reason=unstable_if action=reinterpret pc=0x00007f9ce9a8c2d4 method=com.sun.org.apache.xerces.internal.impl.XMLEntityScanner.scanContent(Lcom/sun/org/apache/xerces/internal/xni/XMLString;)I @ 670

Classes redefined (0 events):
No events

Internal exceptions (10 events):
Event: 2,409 Thread 0x00007f9c8c00a000 Exception <a 'java/lang/ClassNotFoundException': org/gradle/api/internal/artifacts/repositories/DefaultMavenArtifactRepositoryCustomizer> (0x00000000e368f868) thrown at [/ssd/Android/AOSP-openjdk-git/jdk8u/hotspot/src/share/vm/classfile/systemDictionary.c
Event: 2,410 Thread 0x00007f9c8c00a000 Exception <a 'java/lang/ClassNotFoundException': org/gradle/api/internal/artifacts/repositories/DefaultMavenArtifactRepository_DecoratedCustomizer> (0x00000000e36d64e0) thrown at [/ssd/Android/AOSP-openjdk-git/jdk8u/hotspot/src/share/vm/classfile/systemDi
Event: 2,518 Thread 0x00007f9c8c00a000 Exception <a 'java/lang/ClassNotFoundException': build_ascihp153rmp7g86e1m9rtvwaBeanInfo> (0x00000000e40f0770) thrown at [/ssd/Android/AOSP-openjdk-git/jdk8u/hotspot/src/share/vm/classfile/systemDictionary.cpp, line 210]
Event: 2,519 Thread 0x00007f9c8c00a000 Exception <a 'java/lang/ClassNotFoundException': org/gradle/api/internal/project/ProjectScriptBeanInfo> (0x00000000e4102280) thrown at [/ssd/Android/AOSP-openjdk-git/jdk8u/hotspot/src/share/vm/classfile/systemDictionary.cpp, line 210]
Event: 2,519 Thread 0x00007f9c8c00a000 Exception <a 'java/lang/ClassNotFoundException': org/gradle/api/internal/project/ProjectScriptCustomizer> (0x00000000e4114398) thrown at [/ssd/Android/AOSP-openjdk-git/jdk8u/hotspot/src/share/vm/classfile/systemDictionary.cpp, line 210]
Event: 2,520 Thread 0x00007f9c8c00a000 Exception <a 'java/lang/ClassNotFoundException': build_ascihp153rmp7g86e1m9rtvwaCustomizer> (0x00000000e4132c70) thrown at [/ssd/Android/AOSP-openjdk-git/jdk8u/hotspot/src/share/vm/classfile/systemDictionary.cpp, line 210]
Event: 2,680 Thread 0x00007f9c8c00a000 Exception <a 'java/lang/ClassNotFoundException': org/gradle/api/internal/artifacts/dsl/dependencies/DefaultDependencyHandler_DecoratedBeanInfo> (0x00000000e5116730) thrown at [/ssd/Android/AOSP-openjdk-git/jdk8u/hotspot/src/share/vm/classfile/systemDictio
Event: 2,681 Thread 0x00007f9c8c00a000 Exception <a 'java/lang/ClassNotFoundException': org/gradle/api/internal/artifacts/dsl/dependencies/DefaultDependencyHandlerBeanInfo> (0x00000000e5159040) thrown at [/ssd/Android/AOSP-openjdk-git/jdk8u/hotspot/src/share/vm/classfile/systemDictionary.cpp, 
Event: 2,682 Thread 0x00007f9c8c00a000 Exception <a 'java/lang/ClassNotFoundException': org/gradle/api/internal/artifacts/dsl/dependencies/DefaultDependencyHandlerCustomizer> (0x00000000e519c560) thrown at [/ssd/Android/AOSP-openjdk-git/jdk8u/hotspot/src/share/vm/classfile/systemDictionary.cpp
Event: 2,684 Thread 0x00007f9c8c00a000 Exception <a 'java/lang/ClassNotFoundException': org/gradle/api/internal/artifacts/dsl/dependencies/DefaultDependencyHandler_DecoratedCustomizer> (0x00000000e52031f8) thrown at [/ssd/Android/AOSP-openjdk-git/jdk8u/hotspot/src/share/vm/classfile/systemDict

Events (10 events):
Event: 3,195 Thread 0x00007f9c8c00a000 DEOPT PACKING pc=0x00007f9ce99e88a4 sp=0x00007f9cd05bb670
Event: 3,195 Thread 0x00007f9c8c00a000 DEOPT UNPACKING pc=0x00007f9ce9004f69 sp=0x00007f9cd05bb5d8 mode 2
Event: 3,196 Thread 0x00007f9c8c00a000 Uncommon trap: trap_request=0xffffff65 fr.pc=0x00007f9ce9a8c2d4
Event: 3,196 Thread 0x00007f9c8c00a000 DEOPT PACKING pc=0x00007f9ce9a8c2d4 sp=0x00007f9cd05bb7a0
Event: 3,196 Thread 0x00007f9c8c00a000 DEOPT UNPACKING pc=0x00007f9ce9004f69 sp=0x00007f9cd05bb748 mode 2
Event: 3,197 Thread 0x00007f9c8c00a000 DEOPT PACKING pc=0x00007f9ce9999963 sp=0x00007f9cd05bc040
Event: 3,197 Thread 0x00007f9c8c00a000 DEOPT UNPACKING pc=0x00007f9ce9046f73 sp=0x00007f9cd05bbdc8 mode 0
Event: 3,204 Thread 0x00007f9c8c00a000 DEOPT PACKING pc=0x00007f9ce9999963 sp=0x00007f9cd05bce20
Event: 3,204 Thread 0x00007f9c8c00a000 DEOPT UNPACKING pc=0x00007f9ce9046f73 sp=0x00007f9cd05bcba8 mode 0
Event: 3,204 Executing VM operation: ParallelGCFailedAllocation


Dynamic libraries:
00400000-00401000 r-xp 00000000 08:23 7277047                            /home/cristiano/android-studio/jre/bin/java
00600000-00601000 r--p 00000000 08:23 7277047                            /home/cristiano/android-studio/jre/bin/java
00601000-00602000 rw-p 00001000 08:23 7277047                            /home/cristiano/android-studio/jre/bin/java
01cf2000-01d13000 rw-p 00000000 00:00 0                                  [heap]
a0000000-a5900000 rw-p 00000000 00:00 0 
a5900000-e0000000 ---p 00000000 00:00 0 
e0000000-f1000000 rw-p 00000000 00:00 0 
f1000000-100000000 ---p 00000000 00:00 0 
100000000-100440000 rw-p 00000000 00:00 0 
100440000-140000000 ---p 00000000 00:00 0 
7f9c60000000-7f9c60021000 rw-p 00000000 00:00 0 
7f9c60021000-7f9c64000000 ---p 00000000 00:00 0 
7f9c67c00000-7f9c67dc0000 rw-p 00000000 00:00 0 
7f9c67dc0000-7f9c67e00000 ---p 00000000 00:00 0 
7f9c67e00000-7f9c68000000 rw-p 00000000 00:00 0 
7f9c68000000-7f9c68021000 rw-p 00000000 00:00 0 
7f9c68021000-7f9c6c000000 ---p 00000000 00:00 0 
7f9c6c000000-7f9c6c021000 rw-p 00000000 00:00 0 
7f9c6c021000-7f9c70000000 ---p 00000000 00:00 0 
7f9c70000000-7f9c70021000 rw-p 00000000 00:00 0 
7f9c70021000-7f9c74000000 ---p 00000000 00:00 0 
7f9c74000000-7f9c74023000 rw-p 00000000 00:00 0 
7f9c74023000-7f9c78000000 ---p 00000000 00:00 0 
7f9c78000000-7f9c78de1000 rw-p 00000000 00:00 0 
7f9c78de1000-7f9c7c000000 ---p 00000000 00:00 0 
7f9c7c000000-7f9c7c021000 rw-p 00000000 00:00 0 
7f9c7c021000-7f9c80000000 ---p 00000000 00:00 0 
7f9c80000000-7f9c8002a000 rw-p 00000000 00:00 0 
7f9c8002a000-7f9c84000000 ---p 00000000 00:00 0 
7f9c84000000-7f9c84021000 rw-p 00000000 00:00 0 
7f9c84021000-7f9c88000000 ---p 00000000 00:00 0 
7f9c88000000-7f9c88021000 rw-p 00000000 00:00 0 
7f9c88021000-7f9c8c000000 ---p 00000000 00:00 0 
7f9c8c000000-7f9c8c021000 rw-p 00000000 00:00 0 
7f9c8c021000-7f9c90000000 ---p 00000000 00:00 0 
7f9c90000000-7f9c90078000 rw-p 00000000 00:00 0 
7f9c90078000-7f9c94000000 ---p 00000000 00:00 0 
7f9c94000000-7f9c94021000 rw-p 00000000 00:00 0 
7f9c94021000-7f9c98000000 ---p 00000000 00:00 0 
7f9c98079000-7f9c9807c000 ---p 00000000 00:00 0 
7f9c9807c000-7f9c9837a000 rw-p 00000000 00:00 0 
7f9c9837a000-7f9c9857a000 rw-p 00000000 00:00 0 
7f9c9857a000-7f9c9877a000 rw-p 00000000 00:00 0 
7f9c9877a000-7f9c9897a000 rw-p 00000000 00:00 0 
7f9c9897a000-7f9c98a95000 r--s 02003000 08:23 6557157                    /home/cristiano/.gradle/caches/jars-3/c3a861bd52df0d090198c58877bf8e11/android.jar
7f9c98a99000-7f9c98aa0000 r--s 0002a000 08:23 7301251                    /home/cristiano/.gradle/caches/jars-3/fff47aec37b967e571b648d1fc9c6db6/gradle-messaging-3.5.jar
7f9c98aa0000-7f9c98aa5000 r--s 00041000 08:23 7301250                    /home/cristiano/.gradle/caches/jars-3/c0502f5c2cf6dfd52d250e1b7d027d24/commons-lang-2.6.jar
7f9c98aa7000-7f9c98ae9000 r--s 00220000 08:23 7301249                    /home/cristiano/.gradle/caches/jars-3/929747bc6b973b44297e9c57df71598d/gradle-core-3.5.jar
7f9c98aee000-7f9c98af7000 r--s 00047000 08:23 7301248                    /home/cristiano/.gradle/caches/jars-3/11d06a5dce89fe5632250b7df00a3d57/gradle-base-services-3.5.jar
7f9c98afc000-7f9c98aff000 ---p 00000000 00:00 0 
7f9c98aff000-7f9c98dfd000 rw-p 00000000 00:00 0 
7f9c98dfd000-7f9c98e00000 ---p 00000000 00:00 0 
7f9c98e00000-7f9c98efe000 rw-p 00000000 00:00 0 
7f9c98efe000-7f9c98f01000 ---p 00000000 00:00 0 
7f9c98f01000-7f9c9c000000 rw-p 00000000 00:00 0 
7f9c9c000000-7f9c9ca10000 rw-p 00000000 00:00 0 
7f9c9ca10000-7f9ca0000000 ---p 00000000 00:00 0 
7f9ca0000000-7f9ca0021000 rw-p 00000000 00:00 0 
7f9ca0021000-7f9ca4000000 ---p 00000000 00:00 0 
7f9ca4000000-7f9ca51bd000 rw-p 00000000 00:00 0 
7f9ca51bd000-7f9ca8000000 ---p 00000000 00:00 0 
7f9ca8000000-7f9ca8ff3000 rw-p 00000000 00:00 0 
7f9ca8ff3000-7f9cac000000 ---p 00000000 00:00 0 
7f9cac000000-7f9cac021000 rw-p 00000000 00:00 0 
7f9cac021000-7f9cb0000000 ---p 00000000 00:00 0 
7f9cb0000000-7f9cb105f000 rw-p 00000000 00:00 0 
7f9cb105f000-7f9cb4000000 ---p 00000000 00:00 0 
7f9cb4000000-7f9cb4021000 rw-p 00000000 00:00 0 
7f9cb4021000-7f9cb8000000 ---p 00000000 00:00 0 
7f9cb8000000-7f9cb8021000 rw-p 00000000 00:00 0 
7f9cb8021000-7f9cbc000000 ---p 00000000 00:00 0 
7f9cbc000000-7f9cbc021000 rw-p 00000000 00:00 0 
7f9cbc021000-7f9cc0000000 ---p 00000000 00:00 0 
7f9cc0000000-7f9cc027f000 rw-p 00000000 00:00 0 
7f9cc027f000-7f9cc4000000 ---p 00000000 00:00 0 
7f9cc4000000-7f9cc4021000 rw-p 00000000 00:00 0 
7f9cc4021000-7f9cc8000000 ---p 00000000 00:00 0 
7f9cc8000000-7f9cc8021000 rw-p 00000000 00:00 0 
7f9cc8021000-7f9ccc000000 ---p 00000000 00:00 0 
7f9ccc000000-7f9ccc021000 rw-p 00000000 00:00 0 
7f9ccc021000-7f9cd0000000 ---p 00000000 00:00 0 
7f9cd0006000-7f9cd002e000 r--s 001cf000 08:23 7301247                    /home/cristiano/.gradle/caches/jars-3/566e7e0f530f75a42eba4833ef84d88c/guava-jdk5-17.0.jar
7f9cd0032000-7f9cd0040000 r--s 00043000 08:23 7301246                    /home/cristiano/.gradle/caches/jars-3/c0d1da18a547ef3a2ba66d3068ae6e09/gradle-tooling-api-3.5.jar
7f9cd0044000-7f9cd00bd000 r--s 010fd000 08:23 7276898                    /home/cristiano/android-studio/jre/lib/tools.jar
7f9cd00c0000-7f9cd00c3000 ---p 00000000 00:00 0 
7f9cd00c3000-7f9cd01c1000 rw-p 00000000 00:00 0 
7f9cd01c1000-7f9cd01c4000 ---p 00000000 00:00 0 
7f9cd01c4000-7f9cd04c2000 rw-p 00000000 00:00 0 
7f9cd04c2000-7f9cd04c5000 ---p 00000000 00:00 0 
7f9cd04c5000-7f9cd05c3000 rw-p 00000000 00:00 0 
7f9cd05c3000-7f9cd05c6000 ---p 00000000 00:00 0 
7f9cd05c6000-7f9cd06c4000 rw-p 00000000 00:00 0 
7f9cd06c4000-7f9cd06c7000 ---p 00000000 00:00 0 
7f9cd06c7000-7f9cd07c5000 rw-p 00000000 00:00 0 
7f9cd07c5000-7f9cd07c8000 ---p 00000000 00:00 0 
7f9cd07c8000-7f9cd08c6000 rw-p 00000000 00:00 0 
7f9cd08c6000-7f9cd08c9000 ---p 00000000 00:00 0 
7f9cd08c9000-7f9cd09c7000 rw-p 00000000 00:00 0 
7f9cd09c7000-7f9cd09ce000 r--s 00000000 08:23 6038352                    /usr/lib/x86_64-linux-gnu/gconv/gconv-modules.cache
7f9cd09d0000-7f9cd09d3000 ---p 00000000 00:00 0 
7f9cd09d3000-7f9cd0ad1000 rw-p 00000000 00:00 0 
7f9cd0ad1000-7f9cd0ad6000 r--s 0009a000 08:23 7276931                    /home/cristiano/android-studio/jre/jre/lib/jsse.jar
7f9cd0ad7000-7f9cd0cd7000 rw-p 00000000 00:00 0 
7f9cd0cd7000-7f9cd0ce0000 r-xp 00000000 08:23 7276998                    /home/cristiano/android-studio/jre/jre/lib/amd64/libmanagement.so
7f9cd0ce0000-7f9cd0edf000 ---p 00009000 08:23 7276998                    /home/cristiano/android-studio/jre/jre/lib/amd64/libmanagement.so
7f9cd0edf000-7f9cd0ee0000 r--p 00008000 08:23 7276998                    /home/cristiano/android-studio/jre/jre/lib/amd64/libmanagement.so
7f9cd0ee0000-7f9cd0ee1000 rw-p 00009000 08:23 7276998                    /home/cristiano/android-studio/jre/jre/lib/amd64/libmanagement.so
7f9cd0ee6000-7f9cd0ee8000 r--s 00007000 08:23 7351509                    /home/cristiano/.gradle/wrapper/dists/gradle-4.1-all/bzyivzo6n839fup2jbap0tjew/gradle-4.1/lib/plugins/gradle-tooling-api-builders-4.1.jar
7f9cd0ee8000-7f9cd0eeb000 r--s 00009000 08:23 7351519                    /home/cristiano/.gradle/wrapper/dists/gradle-4.1-all/bzyivzo6n839fup2jbap0tjew/gradle-4.1/lib/plugins/gradle-testing-native-4.1.jar
7f9cd0ef0000-7f9cd0ef2000 r--s 00009000 08:23 7351592                    /home/cristiano/.gradle/wrapper/dists/gradle-4.1-all/bzyivzo6n839fup2jbap0tjew/gradle-4.1/lib/plugins/hamcrest-core-1.3.jar
7f9cd0ef7000-7f9cd0efc000 r--s 00040000 08:23 7351587                    /home/cristiano/.gradle/wrapper/dists/gradle-4.1-all/bzyivzo6n839fup2jbap0tjew/gradle-4.1/lib/plugins/bsh-2.0b4.jar
7f9cd0efd000-7f9cd0eff000 r--s 00006000 08:23 7351588                    /home/cristiano/.gradle/wrapper/dists/gradle-4.1-all/bzyivzo6n839fup2jbap0tjew/gradle-4.1/lib/plugins/jcommander-1.12.jar
7f9cd0f02000-7f9cd0f08000 r--s 00033000 08:23 7351589                    /home/cristiano/.gradle/wrapper/dists/gradle-4.1-all/bzyivzo6n839fup2jbap0tjew/gradle-4.1/lib/plugins/snakeyaml-1.6.jar
7f9cd0f08000-7f9cd0f11000 r--s 00089000 08:23 7351547                    /home/cristiano/.gradle/wrapper/dists/gradle-4.1-all/bzyivzo6n839fup2jbap0tjew/gradle-4.1/lib/plugins/testng-6.3.1.jar
7f9cd0f14000-7f9cd0f1c000 r--s 00045000 08:23 7351548                    /home/cristiano/.gradle/wrapper/dists/gradle-4.1-all/bzyivzo6n839fup2jbap0tjew/gradle-4.1/lib/plugins/junit-4.12.jar
7f9cd0f1d000-7f9cd0f23000 r--s 0002e000 08:23 7351515                    /home/cristiano/.gradle/wrapper/dists/gradle-4.1-all/bzyivzo6n839fup2jbap0tjew/gradle-4.1/lib/plugins/gradle-testing-jvm-4.1.jar
7f9cd0f26000-7f9cd0f2a000 r--s 00017000 08:23 7351523                    /home/cristiano/.gradle/wrapper/dists/gradle-4.1-all/bzyivzo6n839fup2jbap0tjew/gradle-4.1/lib/plugins/gradle-testing-base-4.1.jar
7f9cd0f2f000-7f9cd0f36000 r--s 00038000 08:23 7351543                    /home/cristiano/.gradle/wrapper/dists/gradle-4.1-all/bzyivzo6n839fup2jbap0tjew/gradle-4.1/lib/plugins/bcpg-jdk15on-1.51.jar
7f9cd0f3b000-7f9cd0f3d000 r--s 0000c000 08:23 7351494                    /home/cristiano/.gradle/wrapper/dists/gradle-4.1-all/bzyivzo6n839fup2jbap0tjew/gradle-4.1/lib/plugins/gradle-signing-4.1.jar
7f9cd0f3e000-7f9cd0f40000 r--s 00007000 08:23 7351500                    /home/cristiano/.gradle/wrapper/dists/gradle-4.1-all/bzyivzo6n839fup2jbap0tjew/gradle-4.1/lib/plugins/gradle-scala-4.1.jar
7f9cd0f43000-7f9cd0f44000 r--s 00004000 08:23 7351531                    /home/cristiano/.gradle/wrapper/dists/gradle-4.1-all/bzyivzo6n839fup2jbap0tjew/gradle-4.1/lib/plugins/gradle-resources-sftp-4.1.jar
7f9cd0f47000-7f9cd0f57000 r--s 00088000 08:23 7351560                    /home/cristiano/.gradle/wrapper/dists/gradle-4.1-all/bzyivzo6n839fup2jbap0tjew/gradle-4.1/lib/plugins/joda-time-2.8.2.jar
7f9cd0f5c000-7f9cd0f6d000 r--s 0010d000 08:23 7351559                    /home/cristiano/.gradle/wrapper/dists/gradle-4.1-all/bzyivzo6n839fup2jbap0tjew/gradle-4.1/lib/plugins/jackson-databind-2.6.6.jar
7f9cd0f70000-7f9cd0f73000 r--s 00009000 08:23 7351558                    /home/cristiano/.gradle/wrapper/dists/gradle-4.1-all/bzyivzo6n839fup2jbap0tjew/gradle-4.1/lib/plugins/jackson-annotations-2.6.6.jar
7f9cd0f73000-7f9cd0f77000 r--s 0003c000 08:23 7351557                    /home/cristiano/.gradle/wrapper/dists/gradle-4.1-all/bzyivzo6n839fup2jbap0tjew/gradle-4.1/lib/plugins/jackson-core-2.6.6.jar
7f9cd0f7e000-7f9cd0f8c000 r--s 00087000 08:23 7351556                    /home/cristiano/.gradle/wrapper/dists/gradle-4.1-all/bzyivzo6n839fup2jbap0tjew/gradle-4.1/lib/plugins/aws-java-sdk-core-1.11.6.jar
7f9cd0f8e000-7f9cd0f95000 r--s 00057000 08:23 7351555                    /home/cristiano/.gradle/wrapper/dists/gradle-4.1-all/bzyivzo6n839fup2jbap0tjew/gradle-4.1/lib/plugins/aws-java-sdk-kms-1.11.6.jar
7f9cd0f95000-7f9cd0fa2000 r--s 0008e000 08:23 7351554                    /home/cristiano/.gradle/wrapper/dists/gradle-4.1-all/bzyivzo6n839fup2jbap0tjew/gradle-4.1/lib/plugins/aws-java-sdk-s3-1.11.6.jar
7f9cd0fa3000-7f9cd0fa5000 r--s 00004000 08:23 7351528                    /home/cristiano/.gradle/wrapper/dists/gradle-4.1-all/bzyivzo6n839fup2jbap0tjew/gradle-4.1/lib/plugins/gradle-resources-s3-4.1.jar
7f9cd0fa7000-7f9cd0fa9000 r--s 00010000 08:23 7351524                    /home/cristiano/.gradle/wrapper/dists/gradle-4.1-all/bzyivzo6n839fup2jbap0tjew/gradle-4.1/lib/plugins/gradle-reporting-4.1.jar
7f9cd0fa9000-7f9cd0fab000 r--s 00002000 08:23 7351525                    /home/cristiano/.gradle/wrapper/dists/gradle-4.1-all/bzyivzo6n839fup2jbap0tjew/gradle-4.1/lib/plugins/gradle-publish-4.1.jar
7f9cd0fb0000-7f9cd0fb2000 r--s 00009000 08:23 7351536                    /home/cristiano/.gradle/wrapper/dists/gradle-4.1-all/bzyivzo6n839fup2jbap0tjew/gradle-4.1/lib/plugins/commons-cli-1.2.jar
7f9cd0fb5000-7f9cd0fbb000 r--s 00036000 08:23 7351508                    /home/cristiano/.gradle/wrapper/dists/gradle-4.1-all/bzyivzo6n839fup2jbap0tjew/gradle-4.1/lib/plugins/gradle-plugins-4.1.jar
7f9cd0fc0000-7f9cd0fc2000 r--s 00009000 08:23 7351495                    /home/cristiano/.gradle/wrapper/dists/gradle-4.1-all/bzyivzo6n839fup2jbap0tjew/gradle-4.1/lib/plugins/gradle-plugin-development-4.1.jar
7f9cd0fc2000-7f9cd0fc8000 r--s 0002b000 08:23 7351503                    /home/cristiano/.gradle/wrapper/dists/gradle-4.1-all/bzyivzo6n839fup2jbap0tjew/gradle-4.1/lib/plugins/gradle-platform-play-4.1.jar
7f9cd0fca000-7f9cd0fd9000 r--s 0005b000 08:23 7351521                    /home/cristiano/.gradle/wrapper/dists/gradle-4.1-all/bzyivzo6n839fup2jbap0tjew/gradle-4.1/lib/plugins/gradle-platform-native-4.1.jar
7f9cd0fda000-7f9cd0fde000 r--s 0001b000 08:23 7351518                    /home/cristiano/.gradle/wrapper/dists/gradle-4.1-all/bzyivzo6n839fup2jbap0tjew/gradle-4.1/lib/plugins/gradle-platform-jvm-4.1.jar
7f9cd0fde000-7f9cd0fe6000 r--s 00027000 08:23 7351526                    /home/cristiano/.gradle/wrapper/dists/gradle-4.1-all/bzyivzo6n839fup2jbap0tjew/gradle-4.1/lib/plugins/gradle-platform-base-4.1.jar
7f9cd0feb000-7f9cd1013000 r--s 0021c000 08:23 7351537                    /home/cristiano/.gradle/wrapper/dists/gradle-4.1-all/bzyivzo6n839fup2jbap0tjew/gradle-4.1/lib/plugins/biz.aQute.bndlib-3.2.0.jar
7f9cd1013000-7f9cd1014000 r--s 00004000 08:23 7351493                    /home/cristiano/.gradle/wrapper/dists/gradle-4.1-all/bzyivzo6n839fup2jbap0tjew/gradle-4.1/lib/plugins/gradle-osgi-4.1.jar
7f9cd101b000-7f9cd101e000 r--s 0000c000 08:23 7351540                    /home/cristiano/.gradle/wrapper/dists/gradle-4.1-all/bzyivzo6n839fup2jbap0tjew/gradle-4.1/lib/plugins/pmaven-groovy-0.8-20100325.jar
7f9cd1023000-7f9cd1024000 r--s 00004000 08:23 7351539                    /home/cristiano/.gradle/wrapper/dists/gradle-4.1-all/bzyivzo6n839fup2jbap0tjew/gradle-4.1/lib/plugins/pmaven-common-0.8-20100325.jar
7f9cd102a000-7f9cd1030000 r--s 00023000 08:23 7351496                    /home/cristiano/.gradle/wrapper/dists/gradle-4.1-all/bzyivzo6n839fup2jbap0tjew/gradle-4.1/lib/plugins/gradle-maven-4.1.jar
7f9cd1032000-7f9cd1035000 r--s 0000b000 08:23 7351514                    /home/cristiano/.gradle/wrapper/dists/gradle-4.1-all/bzyivzo6n839fup2jbap0tjew/gradle-4.1/lib/plugins/gradle-language-scala-4.1.jar
7f9cd1037000-7f9cd103e000 r--s 00020000 08:23 7351520                    /home/cristiano/.gradle/wrapper/dists/gradle-4.1-all/bzyivzo6n839fup2jbap0tjew/gradle-4.1/lib/plugins/gradle-language-native-4.1.jar
7f9cd1044000-7f9cd1046000 r--s 00005000 08:23 7351517                    /home/cristiano/.gradle/wrapper/dists/gradle-4.1-all/bzyivzo6n839fup2jbap0tjew/gradle-4.1/lib/plugins/gradle-language-jvm-4.1.jar
7f9cd1046000-7f9cd104d000 r--s 0002f000 08:23 7351516                    /home/cristiano/.gradle/wrapper/dists/gradle-4.1-all/bzyivzo6n839fup2jbap0tjew/gradle-4.1/lib/plugins/gradle-language-java-4.1.jar
7f9cd1051000-7f9cd1054000 r--s 0000a000 08:23 7351513                    /home/cristiano/.gradle/wrapper/dists/gradle-4.1-all/bzyivzo6n839fup2jbap0tjew/gradle-4.1/lib/plugins/gradle-language-groovy-4.1.jar
7f9cd1054000-7f9cd105b000 r--s 00035000 08:23 7351546                    /home/cristiano/.gradle/wrapper/dists/gradle-4.1-all/bzyivzo6n839fup2jbap0tjew/gradle-4.1/lib/plugins/simple-4.1.21.jar
7f9cd105f000-7f9cd106b000 r--s 00100000 08:23 7351544                    /home/cristiano/.gradle/wrapper/dists/gradle-4.1-all/bzyivzo6n839fup2jbap0tjew/gradle-4.1/lib/plugins/rhino-1.7R3.jar
7f9cd1071000-7f9cd1075000 r--s 00012000 08:23 7351504                    /home/cristiano/.gradle/wrapper/dists/gradle-4.1-all/bzyivzo6n839fup2jbap0tjew/gradle-4.1/lib/plugins/gradle-javascript-4.1.jar
7f9cd1078000-7f9cd107b000 r--s 00011000 08:23 7351506                    /home/cristiano/.gradle/wrapper/dists/gradle-4.1-all/bzyivzo6n839fup2jbap0tjew/gradle-4.1/lib/plugins/gradle-jacoco-4.1.jar
7f9cd107d000-7f9cd1080000 r--s 0000e000 08:23 7351505                    /home/cristiano/.gradle/wrapper/dists/gradle-4.1-all/bzyivzo6n839fup2jbap0tjew/gradle-4.1/lib/plugins/gradle-ivy-4.1.jar
7f9cd1081000-7f9cd1082000 r--s 00002000 08:23 7351497                    /home/cristiano/.gradle/wrapper/dists/gradle-4.1-all/bzyivzo6n839fup2jbap0tjew/gradle-4.1/lib/plugins/gradle-ide-play-4.1.jar
7f9cd1082000-7f9cd1085000 r--s 00013000 08:23 7351498                    /home/cristiano/.gradle/wrapper/dists/gradle-4.1-all/bzyivzo6n839fup2jbap0tjew/gradle-4.1/lib/plugins/gradle-ide-native-4.1.jar
7f9cd108b000-7f9cd1095000 r--s 00054000 08:23 7351499                    /home/cristiano/.gradle/wrapper/dists/gradle-4.1-all/bzyivzo6n839fup2jbap0tjew/gradle-4.1/lib/plugins/gradle-ide-4.1.jar
7f9cd1096000-7f9cd1098000 r--s 00007000 08:23 7351502                    /home/cristiano/.gradle/wrapper/dists/gradle-4.1-all/bzyivzo6n839fup2jbap0tjew/gradle-4.1/lib/plugins/gradle-ear-4.1.jar
7f9cd109c000-7f9cd109e000 r--s 00005000 08:23 7351534                    /home/cristiano/.gradle/wrapper/dists/gradle-4.1-all/bzyivzo6n839fup2jbap0tjew/gradle-4.1/lib/plugins/jatl-0.2.2.jar
7f9cd109f000-7f9cd10a6000 r--s 00038000 08:23 7351522                    /home/cristiano/.gradle/wrapper/dists/gradle-4.1-all/bzyivzo6n839fup2jbap0tjew/gradle-4.1/lib/plugins/gradle-diagnostics-4.1.jar
7f9cd10aa000-7f9cd10ac000 r--s 0000b000 08:23 7351511                    /home/cristiano/.gradle/wrapper/dists/gradle-4.1-all/bzyivzo6n839fup2jbap0tjew/gradle-4.1/lib/plugins/gradle-composite-builds-4.1.jar
7f9cd10ac000-7f9cd10b1000 r--s 00025000 08:23 7351491                    /home/cristiano/.gradle/wrapper/dists/gradle-4.1-all/bzyivzo6n839fup2jbap0tjew/gradle-4.1/lib/plugins/gradle-code-quality-4.1.jar
7f9cd10b1000-7f9cd10b6000 r--s 00022000 08:23 7351507                    /home/cristiano/.gradle/wrapper/dists/gradle-4.1-all/bzyivzo6n839fup2jbap0tjew/gradle-4.1/lib/plugins/gradle-build-init-4.1.jar
7f9cd10bd000-7f9cd10c3000 r--s 0008e000 08:23 7351501                    /home/cristiano/.gradle/wrapper/dists/gradle-4.1-all/bzyivzo6n839fup2jbap0tjew/gradle-4.1/lib/plugins/gradle-build-comparison-4.1.jar
7f9cd10c9000-7f9cd10ca000 r--s 00002000 08:23 7351529                    /home/cristiano/.gradle/wrapper/dists/gradle-4.1-all/bzyivzo6n839fup2jbap0tjew/gradle-4.1/lib/plugins/gradle-build-cache-http-4.1.jar
7f9cd10cf000-7f9cd10d1000 r--s 00008000 08:23 7351492                    /home/cristiano/.gradle/wrapper/dists/gradle-4.1-all/bzyivzo6n839fup2jbap0tjew/gradle-4.1/lib/plugins/gradle-antlr-4.1.jar
7f9cd10d3000-7f9cd10d5000 r--s 00004000 08:23 7351512                    /home/cristiano/.gradle/wrapper/dists/gradle-4.1-all/bzyivzo6n839fup2jbap0tjew/gradle-4.1/lib/plugins/gradle-announce-4.1.jar
7f9cd10d7000-7f9cd10d9000 r--s 00008000 08:23 7351433                    /home/cristiano/.gradle/wrapper/dists/gradle-4.1-all/bzyivzo6n839fup2jbap0tjew/gradle-4.1/lib/gradle-kotlin-dsl-tooling-builders-0.10.3.jar
7f9cd10db000-7f9cd10de000 r--s 0001c000 08:23 7351550                    /home/cristiano/.gradle/wrapper/dists/gradle-4.1-all/bzyivzo6n839fup2jbap0tjew/gradle-4.1/lib/plugins/nekohtml-1.9.14.jar
7f9cd10df000-7f9cd10e7000 r--s 00028000 08:23 7351591                    /home/cristiano/.gradle/wrapper/dists/gradle-4.1-all/bzyivzo6n839fup2jbap0tjew/gradle-4.1/lib/plugins/xml-apis-1.3.04.jar
7f9cd10ec000-7f9cd1104000 r--s 00115000 08:23 7351551                    /home/cristiano/.gradle/wrapper/dists/gradle-4.1-all/bzyivzo6n839fup2jbap0tjew/gradle-4.1/lib/plugins/xercesImpl-2.9.1.jar
7f9cd110a000-7f9cd1110000 r--s 0005b000 08:23 7351549                    /home/cristiano/.gradle/wrapper/dists/gradle-4.1-all/bzyivzo6n839fup2jbap0tjew/gradle-4.1/lib/plugins/jcifs-1.3.17.jar
7f9cd1110000-7f9cd1117000 r--s 00049000 08:23 7351590                    /home/cristiano/.gradle/wrapper/dists/gradle-4.1-all/bzyivzo6n839fup2jbap0tjew/gradle-4.1/lib/plugins/httpcore-4.4.4.jar
7f9cd111a000-7f9cd1120000 r--s 00033000 08:23 7351542                    /home/cristiano/.gradle/wrapper/dists/gradle-4.1-all/bzyivzo6n839fup2jbap0tjew/gradle-4.1/lib/plugins/commons-codec-1.6.jar
7f9cd1123000-7f9cd1130000 r--s 000a4000 08:23 7351535                    /home/cristiano/.gradle/wrapper/dists/gradle-4.1-all/bzyivzo6n839fup2jbap0tjew/gradle-4.1/lib/plugins/httpclient-4.4.1.jar
7f9cd1132000-7f9cd1134000 r--s 0000b000 08:23 7351530                    /home/cristiano/.gradle/wrapper/dists/gradle-4.1-all/bzyivzo6n839fup2jbap0tjew/gradle-4.1/lib/plugins/gradle-resources-http-4.1.jar
7f9cd1136000-7f9cd113a000 r--s 00017000 08:23 7351527                    /home/cristiano/.gradle/wrapper/dists/gradle-4.1-all/bzyivzo6n839fup2jbap0tjew/gradle-4.1/lib/plugins/gradle-plugin-use-4.1.jar
7f9cd113f000-7f9cd1140000 r--s 00000000 08:23 7351439                    /home/cristiano/.gradle/wrapper/dists/gradle-4.1-all/bzyivzo6n839fup2jbap0tjew/gradle-4.1/lib/gradle-runtime-api-info-4.1.jar
7f9cd1147000-7f9cd1148000 r--s 00000000 08:23 7351442                    /home/cristiano/.gradle/wrapper/dists/gradle-4.1-all/bzyivzo6n839fup2jbap0tjew/gradle-4.1/lib/gradle-installation-beacon-4.1.jar
7f9cd114e000-7f9cd118e000 r--s 00277000 08:23 7351562                    /home/cristiano/.gradle/wrapper/dists/gradle-4.1-all/bzyivzo6n839fup2jbap0tjew/gradle-4.1/lib/plugins/bcprov-jdk15on-1.51.jar
7f9cd1194000-7f9cd1198000 r--s 0001d000 08:23 7351561                    /home/cristiano/.gradle/wrapper/dists/gradle-4.1-all/bzyivzo6n839fup2jbap0tjew/gradle-4.1/lib/plugins/xbean-reflect-3.4.jar
7f9cd1199000-7f9cd119b000 r--s 0000a000 08:23 7351563                    /home/cristiano/.gradle/wrapper/dists/gradle-4.1-all/bzyivzo6n839fup2jbap0tjew/gradle-4.1/lib/plugins/maven-settings-3.0.4.jar
7f9cd119f000-7f9cd11a2000 r--s 00008000 08:23 7351564                    /home/cristiano/.gradle/wrapper/dists/gradle-4.1-all/bzyivzo6n839fup2jbap0tjew/gradle-4.1/lib/plugins/maven-settings-builder-3.0.4.jar
7f9cd11a2000-7f9cd11a6000 r--s 00033000 08:23 7351565                    /home/cristiano/.gradle/wrapper/dists/gradle-4.1-all/bzyivzo6n839fup2jbap0tjew/gradle-4.1/lib/plugins/plexus-utils-2.0.6.jar
7f9cd11ac000-7f9cd11ae000 r--s 0000d000 08:23 7351566                    /home/cristiano/.gradle/wrapper/dists/gradle-4.1-all/bzyivzo6n839fup2jbap0tjew/gradle-4.1/lib/plugins/plexus-interpolation-1.14.jar
7f9cd11af000-7f9cd11b1000 r--s 00000000 08:23 7351541                    /home/cristiano/.gradle/wrapper/dists/gradle-4.1-all/bzyivzo6n839fup2jbap0tjew/gradle-4.1/lib/plugins/plexus-component-annotations-1.5.5.jar
7f9cd11b5000-7f9cd11bc000 r--s 0002e000 08:23 7351567                    /home/cristiano/.gradle/wrapper/dists/gradle-4.1-all/bzyivzo6n839fup2jbap0tjew/gradle-4.1/lib/plugins/plexus-container-default-1.5.5.jar
7f9cd11c1000-7f9cd11c3000 r--s 0000a000 08:23 7351568                    /home/cristiano/.gradle/wrapper/dists/gradle-4.1-all/bzyivzo6n839fup2jbap0tjew/gradle-4.1/lib/plugins/plexus-classworlds-2.4.jar
7f9cd11c9000-7f9cd11cb000 r--s 00002000 08:23 7351569                    /home/cristiano/.gradle/wrapper/dists/gradle-4.1-all/bzyivzo6n839fup2jbap0tjew/gradle-4.1/lib/plugins/plexus-cipher-1.7.jar
7f9cd11cd000-7f9cd11ce000 r--s 00006000 08:23 7351570                    /home/cristiano/.gradle/wrapper/dists/gradle-4.1-all/bzyivzo6n839fup2jbap0tjew/gradle-4.1/lib/plugins/plexus-sec-dispatcher-1.3.jar
7f9cd11ce000-7f9cd11d4000 r--s 0003f000 08:23 7351571                    /home/cristiano/.gradle/wrapper/dists/gradle-4.1-all/bzyivzo6n839fup2jbap0tjew/gradle-4.1/lib/plugins/maven-compat-3.0.4.jar
7f9cd11d8000-7f9cd11dc000 r--s 00021000 08:23 7351572                    /home/cristiano/.gradle/wrapper/dists/gradle-4.1-all/bzyivzo6n839fup2jbap0tjew/gradle-4.1/lib/plugins/maven-model-builder-3.0.4.jar
7f9cd11dd000-7f9cd11df000 r--s 00026000 08:23 7351573                    /home/cristiano/.gradle/wrapper/dists/gradle-4.1-all/bzyivzo6n839fup2jbap0tjew/gradle-4.1/lib/plugins/maven-model-3.0.4.jar
7f9cd11e2000-7f9cd11e4000 r--s 0000b000 08:23 7351574                    /home/cristiano/.gradle/wrapper/dists/gradle-4.1-all/bzyivzo6n839fup2jbap0tjew/gradle-4.1/lib/plugins/maven-artifact-3.0.4.jar
7f9cd11e5000-7f9cd11e7000 r--s 00006000 08:23 7351575                    /home/cristiano/.gradle/wrapper/dists/gradle-4.1-all/bzyivzo6n839fup2jbap0tjew/gradle-4.1/lib/plugins/maven-repository-metadata-3.0.4.jar
7f9cd11ea000-7f9cd11ec000 r--s 0000b000 08:23 7351576                    /home/cristiano/.gradle/wrapper/dists/gradle-4.1-all/bzyivzo6n839fup2jbap0tjew/gradle-4.1/lib/plugins/maven-plugin-api-3.0.4.jar
7f9cd11f3000-7f9cd11f5000 r--s 0000c000 08:23 7351577                    /home/cristiano/.gradle/wrapper/dists/gradle-4.1-all/bzyivzo6n839fup2jbap0tjew/gradle-4.1/lib/plugins/maven-aether-provider-3.0.4.jar
7f9cd11f9000-7f9cd11fa000 r--s 00002000 08:23 7351578                    /home/cristiano/.gradle/wrapper/dists/gradle-4.1-all/bzyivzo6n839fup2jbap0tjew/gradle-4.1/lib/plugins/wagon-file-2.4.jar
7f9cd1201000-7f9cd1202000 r--s 00002000 08:23 7351579                    /home/cristiano/.gradle/wrapper/dists/gradle-4.1-all/bzyivzo6n839fup2jbap0tjew/gradle-4.1/lib/plugins/wagon-http-2.4.jar
7f9cd1202000-7f9cd1204000 r--s 0000b000 08:23 7351580                    /home/cristiano/.gradle/wrapper/dists/gradle-4.1-all/bzyivzo6n839fup2jbap0tjew/gradle-4.1/lib/plugins/wagon-provider-api-2.4.jar
7f9cd1206000-7f9cd1207000 r--s 00007000 08:23 7351581                    /home/cristiano/.gradle/wrapper/dists/gradle-4.1-all/bzyivzo6n839fup2jbap0tjew/gradle-4.1/lib/plugins/wagon-http-shared4-2.4.jar
7f9cd120a000-7f9cd120d000 r--s 00013000 08:23 7351582                    /home/cristiano/.gradle/wrapper/dists/gradle-4.1-all/bzyivzo6n839fup2jbap0tjew/gradle-4.1/lib/plugins/aether-api-1.13.1.jar
7f9cd1214000-7f9cd1217000 r--s 0001d000 08:23 7351583                    /home/cristiano/.gradle/wrapper/dists/gradle-4.1-all/bzyivzo6n839fup2jbap0tjew/gradle-4.1/lib/plugins/aether-impl-1.13.1.jar
7f9cd121a000-7f9cd121b000 r--s 00003000 08:23 7351584                    /home/cristiano/.gradle/wrapper/dists/gradle-4.1-all/bzyivzo6n839fup2jbap0tjew/gradle-4.1/lib/plugins/aether-spi-1.13.1.jar
7f9cd121b000-7f9cd121f000 r--s 0001c000 08:23 7351585                    /home/cristiano/.gradle/wrapper/dists/gradle-4.1-all/bzyivzo6n839fup2jbap0tjew/gradle-4.1/lib/plugins/aether-util-1.13.1.jar
7f9cd1225000-7f9cd1227000 r--s 00006000 08:23 7351586                    /home/cristiano/.gradle/wrapper/dists/gradle-4.1-all/bzyivzo6n839fup2jbap0tjew/gradle-4.1/lib/plugins/aether-connector-wagon-1.13.1.jar
7f9cd122c000-7f9cd1238000 r--s 0007d000 08:23 7351538                    /home/cristiano/.gradle/wrapper/dists/gradle-4.1-all/bzyivzo6n839fup2jbap0tjew/gradle-4.1/lib/plugins/maven-core-3.0.4.jar
7f9cd123b000-7f9cd1240000 r--s 00034000 08:23 7351545                    /home/cristiano/.gradle/wrapper/dists/gradle-4.1-all/bzyivzo6n839fup2jbap0tjew/gradle-4.1/lib/plugins/gson-2.7.jar
7f9cd1240000-7f9cd124f000 r--s 000d9000 08:23 7351552                    /home/cristiano/.gradle/wrapper/dists/gradle-4.1-all/bzyivzo6n839fup2jbap0tjew/gradle-4.1/lib/plugins/ivy-2.2.0.jar
7f9cd124f000-7f9cd1265000 r-xp 00000000 08:23 4195623                    /lib/x86_64-linux-gnu/libgcc_s.so.1
7f9cd1265000-7f9cd1464000 ---p 00016000 08:23 4195623                    /lib/x86_64-linux-gnu/libgcc_s.so.1
7f9cd1464000-7f9cd1465000 rw-p 00015000 08:23 4195623                    /lib/x86_64-linux-gnu/libgcc_s.so.1
7f9cd1467000-7f9cd15d9000 r-xp 00000000 08:23 5636764                    /usr/lib/x86_64-linux-gnu/libstdc++.so.6.0.21
7f9cd15d9000-7f9cd17d9000 ---p 00172000 08:23 5636764                    /usr/lib/x86_64-linux-gnu/libstdc++.so.6.0.21
7f9cd17d9000-7f9cd17e3000 r--p 00172000 08:23 5636764                    /usr/lib/x86_64-linux-gnu/libstdc++.so.6.0.21
7f9cd17e3000-7f9cd17e5000 rw-p 0017c000 08:23 5636764                    /usr/lib/x86_64-linux-gnu/libstdc++.so.6.0.21
7f9cd17e5000-7f9cd17e9000 rw-p 00000000 00:00 0 
7f9cd17ef000-7f9cd17f4000 r--s 00040000 08:23 7351553                    /home/cristiano/.gradle/wrapper/dists/gradle-4.1-all/bzyivzo6n839fup2jbap0tjew/gradle-4.1/lib/plugins/jsch-0.1.54.jar
7f9cd17f9000-7f9cd181d000 r--s 0011a000 08:23 7351533                    /home/cristiano/.gradle/wrapper/dists/gradle-4.1-all/bzyivzo6n839fup2jbap0tjew/gradle-4.1/lib/plugins/gradle-dependency-management-4.1.jar
7f9cd1824000-7f9cd1827000 r--s 0000d000 08:23 7351532                    /home/cristiano/.gradle/wrapper/dists/gradle-4.1-all/bzyivzo6n839fup2jbap0tjew/gradle-4.1/lib/plugins/gradle-workers-4.1.jar
7f9cd1827000-7f9cd182c000 r-xp 00000000 08:23 6301793                    /home/cristiano/.gradle/native/25/linux-amd64/libnative-platform.so
7f9cd182c000-7f9cd1a2b000 ---p 00005000 08:23 6301793                    /home/cristiano/.gradle/native/25/linux-amd64/libnative-platform.so
7f9cd1a2b000-7f9cd1a2c000 rw-p 00004000 08:23 6301793                    /home/cristiano/.gradle/native/25/linux-amd64/libnative-platform.so
7f9cd1a2f000-7f9cd1a40000 r-xp 00000000 08:23 7277005                    /home/cristiano/android-studio/jre/jre/lib/amd64/libnio.so
7f9cd1a40000-7f9cd1c3f000 ---p 00011000 08:23 7277005                    /home/cristiano/android-studio/jre/jre/lib/amd64/libnio.so
7f9cd1c3f000-7f9cd1c40000 r--p 00010000 08:23 7277005                    /home/cristiano/android-studio/jre/jre/lib/amd64/libnio.so
7f9cd1c40000-7f9cd1c41000 rw-p 00011000 08:23 7277005                    /home/cristiano/android-studio/jre/jre/lib/amd64/libnio.so
7f9cd1c47000-7f9cd1c5d000 r-xp 00000000 08:23 7277003                    /home/cristiano/android-studio/jre/jre/lib/amd64/libnet.so
7f9cd1c5d000-7f9cd1e5d000 ---p 00016000 08:23 7277003                    /home/cristiano/android-studio/jre/jre/lib/amd64/libnet.so
7f9cd1e5d000-7f9cd1e5e000 r--p 00016000 08:23 7277003                    /home/cristiano/android-studio/jre/jre/lib/amd64/libnet.so
7f9cd1e5e000-7f9cd1e5f000 rw-p 00017000 08:23 7277003                    /home/cristiano/android-studio/jre/jre/lib/amd64/libnet.so
7f9cd1e65000-7f9cd1e6f000 r--s 00116000 08:23 7277011                    /home/cristiano/android-studio/jre/jre/lib/ext/localedata.jar
7f9cd1e75000-7f9cd1e76000 r--s 00006000 08:23 7351441                    /home/cristiano/.gradle/wrapper/dists/gradle-4.1-all/bzyivzo6n839fup2jbap0tjew/gradle-4.1/lib/gradle-wrapper-4.1.jar
7f9cd1e7a000-7f9cd1e87000 r--s 00043000 08:23 7351440                    /home/cristiano/.gradle/wrapper/dists/gradle-4.1-all/bzyivzo6n839fup2jbap0tjew/gradle-4.1/lib/gradle-tooling-api-4.1.jar
7f9cd1e87000-7f9cd1e96000 r--s 000c8000 08:23 7351437                    /home/cristiano/.gradle/wrapper/dists/gradle-4.1-all/bzyivzo6n839fup2jbap0tjew/gradle-4.1/lib/kotlin-stdlib-1.1.3-2.jar
7f9cd1e9a000-7f9cd1ecc000 r--s 0021b000 08:23 7351436                    /home/cristiano/.gradle/wrapper/dists/gradle-4.1-all/bzyivzo6n839fup2jbap0tjew/gradle-4.1/lib/kotlin-reflect-1.1.3-2.jar
7f9cd1ecd000-7f9cd2084000 r--s 01786000 08:23 7351435                    /home/cristiano/.gradle/wrapper/dists/gradle-4.1-all/bzyivzo6n839fup2jbap0tjew/gradle-4.1/lib/kotlin-compiler-embeddable-1.1.3-2.jar
7f9cd2087000-7f9cd2088000 r--s 00000000 08:23 7351434                    /home/cristiano/.gradle/wrapper/dists/gradle-4.1-all/bzyivzo6n839fup2jbap0tjew/gradle-4.1/lib/gradle-kotlin-dsl-tooling-models-0.10.3.jar
7f9cd2088000-7f9cd2089000 r--s 00001000 08:23 7351432                    /home/cristiano/.gradle/wrapper/dists/gradle-4.1-all/bzyivzo6n839fup2jbap0tjew/gradle-4.1/lib/gradle-kotlin-dsl-compiler-plugin-0.10.3.jar
7f9cd208a000-7f9cd208c000 r--s 00003000 08:23 7351430                    /home/cristiano/.gradle/wrapper/dists/gradle-4.1-all/bzyivzo6n839fup2jbap0tjew/gradle-4.1/lib/annotations-13.0.jar
7f9cd2092000-7f9cd209c000 r--s 00073000 08:23 7351431                    /home/cristiano/.gradle/wrapper/dists/gradle-4.1-all/bzyivzo6n839fup2jbap0tjew/gradle-4.1/lib/gradle-kotlin-dsl-0.10.3.jar
7f9cd20a2000-7f9cd20a7000 r--s 00013000 08:23 7351447                    /home/cristiano/.gradle/wrapper/dists/gradle-4.1-all/bzyivzo6n839fup2jbap0tjew/gradle-4.1/lib/gradle-resources-4.1.jar
7f9cd20ac000-7f9cd20ae000 r--s 00005000 08:23 7351454                    /home/cristiano/.gradle/wrapper/dists/gradle-4.1-all/bzyivzo6n839fup2jbap0tjew/gradle-4.1/lib/gradle-cli-4.1.jar
7f9cd20b2000-7f9cd20b4000 r--s 00003000 08:23 7351461                    /home/cristiano/.gradle/wrapper/dists/gradle-4.1-all/bzyivzo6n839fup2jbap0tjew/gradle-4.1/lib/jcl-over-slf4j-1.7.10.jar
7f9cd20b4000-7f9cd20b5000 r--s 00005000 08:23 7351460                    /home/cristiano/.gradle/wrapper/dists/gradle-4.1-all/bzyivzo6n839fup2jbap0tjew/gradle-4.1/lib/log4j-over-slf4j-1.7.10.jar
7f9cd20b7000-7f9cd20b9000 r--s 00000000 08:23 7351459                    /home/cristiano/.gradle/wrapper/dists/gradle-4.1-all/bzyivzo6n839fup2jbap0tjew/gradle-4.1/lib/jul-to-slf4j-1.7.10.jar
7f9cd20bb000-7f9cd20c2000 r--s 0002c000 08:23 7351445                    /home/cristiano/.gradle/wrapper/dists/gradle-4.1-all/bzyivzo6n839fup2jbap0tjew/gradle-4.1/lib/gradle-logging-4.1.jar
7f9cd20c9000-7f9cd20d9000 r--s 00082000 08:23 7351450                    /home/cristiano/.gradle/wrapper/dists/gradle-4.1-all/bzyivzo6n839fup2jbap0tjew/gradle-4.1/lib/gradle-model-core-4.1.jar
7f9cd20dd000-7f9cd20df000 r--s 00006000 08:23 7351451                    /home/cristiano/.gradle/wrapper/dists/gradle-4.1-all/bzyivzo6n839fup2jbap0tjew/gradle-4.1/lib/gradle-base-services-groovy-4.1.jar
7f9cd20e6000-7f9cd20e8000 r--s 00007000 08:23 7351449                    /home/cristiano/.gradle/wrapper/dists/gradle-4.1-all/bzyivzo6n839fup2jbap0tjew/gradle-4.1/lib/gradle-model-groovy-4.1.jar
7f9cd20e9000-7f9cd20ea000 r--s 00002000 08:23 7351472                    /home/cristiano/.gradle/wrapper/dists/gradle-4.1-all/bzyivzo6n839fup2jbap0tjew/gradle-4.1/lib/gradle-docs-4.1.jar
7f9cd20ea000-7f9cd20f7000 r--s 00083000 08:23 7351470                    /home/cristiano/.gradle/wrapper/dists/gradle-4.1-all/bzyivzo6n839fup2jbap0tjew/gradle-4.1/lib/commons-collections-3.2.2.jar
7f9cd20f7000-7f9cd20f8000 r--s 00000000 08:23 7351469                    /home/cristiano/.gradle/wrapper/dists/gradle-4.1-all/bzyivzo6n839fup2jbap0tjew/gradle-4.1/lib/javax.inject-1.jar
7f9cd20fc000-7f9cd216c000 r--s 00645000 08:23 7351467                    /home/cristiano/.gradle/wrapper/dists/gradle-4.1-all/bzyivzo6n839fup2jbap0tjew/gradle-4.1/lib/groovy-all-2.4.11.jar
7f9cd2172000-7f9cd2175000 r--s 00023000 08:23 7351473                    /home/cristiano/.gradle/wrapper/dists/gradle-4.1-all/bzyivzo6n839fup2jbap0tjew/gradle-4.1/lib/jansi-1.14.jar
7f9cd217b000-7f9cd217c000 r--s 00004000 08:23 7351475                    /home/cristiano/.gradle/wrapper/dists/gradle-4.1-all/bzyivzo6n839fup2jbap0tjew/gradle-4.1/lib/native-platform-freebsd-amd64-libcpp-0.14.jar
7f9cd2183000-7f9cd2184000 r--s 00004000 08:23 7351476                    /home/cristiano/.gradle/wrapper/dists/gradle-4.1-all/bzyivzo6n839fup2jbap0tjew/gradle-4.1/lib/native-platform-freebsd-amd64-libstdcpp-0.14.jar
7f9cd218b000-7f9cd218c000 r--s 00004000 08:23 7351477                    /home/cristiano/.gradle/wrapper/dists/gradle-4.1-all/bzyivzo6n839fup2jbap0tjew/gradle-4.1/lib/native-platform-freebsd-i386-libcpp-0.14.jar
7f9cd2192000-7f9cd2193000 r--s 00003000 08:23 7351478                    /home/cristiano/.gradle/wrapper/dists/gradle-4.1-all/bzyivzo6n839fup2jbap0tjew/gradle-4.1/lib/native-platform-freebsd-i386-libstdcpp-0.14.jar
7f9cd2199000-7f9cd219a000 r--s 00002000 08:23 7351479                    /home/cristiano/.gradle/wrapper/dists/gradle-4.1-all/bzyivzo6n839fup2jbap0tjew/gradle-4.1/lib/native-platform-linux-amd64-0.14.jar
7f9cd21a1000-7f9cd21a2000 r--s 00002000 08:23 7351480                    /home/cristiano/.gradle/wrapper/dists/gradle-4.1-all/bzyivzo6n839fup2jbap0tjew/gradle-4.1/lib/native-platform-linux-i386-0.14.jar
7f9cd21a9000-7f9cd21ab000 r--s 00002000 08:23 7351481                    /home/cristiano/.gradle/wrapper/dists/gradle-4.1-all/bzyivzo6n839fup2jbap0tjew/gradle-4.1/lib/native-platform-osx-amd64-0.14.jar
7f9cd21b2000-7f9cd21b3000 r--s 00003000 08:23 7351482                    /home/cristiano/.gradle/wrapper/dists/gradle-4.1-all/bzyivzo6n839fup2jbap0tjew/gradle-4.1/lib/native-platform-osx-i386-0.14.jar
7f9cd21ba000-7f9cd21bc000 r--s 0000b000 08:23 7351483                    /home/cristiano/.gradle/wrapper/dists/gradle-4.1-all/bzyivzo6n839fup2jbap0tjew/gradle-4.1/lib/native-platform-windows-amd64-0.14.jar
7f9cd21c2000-7f9cd21c3000 r--s 0000b000 08:23 7351484                    /home/cristiano/.gradle/wrapper/dists/gradle-4.1-all/bzyivzo6n839fup2jbap0tjew/gradle-4.1/lib/native-platform-windows-i386-0.14.jar
7f9cd21c8000-7f9cd21c9000 r--s 00001000 08:23 7351485                    /home/cristiano/.gradle/wrapper/dists/gradle-4.1-all/bzyivzo6n839fup2jbap0tjew/gradle-4.1/lib/native-platform-linux-amd64-ncurses5-0.14.jar
7f9cd21d0000-7f9cd21d1000 r--s 00001000 08:23 7351486                    /home/cristiano/.gradle/wrapper/dists/gradle-4.1-all/bzyivzo6n839fup2jbap0tjew/gradle-4.1/lib/native-platform-linux-amd64-ncurses6-0.14.jar
7f9cd21d8000-7f9cd21d9000 r--s 00001000 08:23 7351487                    /home/cristiano/.gradle/wrapper/dists/gradle-4.1-all/bzyivzo6n839fup2jbap0tjew/gradle-4.1/lib/native-platform-linux-i386-ncurses5-0.14.jar
7f9cd21e0000-7f9cd21e1000 r--s 00001000 08:23 7351488                    /home/cristiano/.gradle/wrapper/dists/gradle-4.1-all/bzyivzo6n839fup2jbap0tjew/gradle-4.1/lib/native-platform-linux-i386-ncurses6-0.14.jar
7f9cd21e1000-7f9cd21e5000 r--s 00012000 08:23 7351471                    /home/cristiano/.gradle/wrapper/dists/gradle-4.1-all/bzyivzo6n839fup2jbap0tjew/gradle-4.1/lib/native-platform-0.14.jar
7f9cd21eb000-7f9cd21ee000 r--s 0000c000 08:23 7351448                    /home/cristiano/.gradle/wrapper/dists/gradle-4.1-all/bzyivzo6n839fup2jbap0tjew/gradle-4.1/lib/gradle-native-4.1.jar
7f9cd21ee000-7f9cd21f0000 r--s 0000f000 08:23 7351456                    /home/cristiano/.gradle/wrapper/dists/gradle-4.1-all/bzyivzo6n839fup2jbap0tjew/gradle-4.1/lib/reflectasm-1.07-shaded.jar
7f9cd21f7000-7f9cd21f9000 r--s 00000000 08:23 7351489                    /home/cristiano/.gradle/wrapper/dists/gradle-4.1-all/bzyivzo6n839fup2jbap0tjew/gradle-4.1/lib/minlog-1.2.jar
7f9cd21fd000-7f9cd2201000 r--s 00026000 08:23 7351455                    /home/cristiano/.gradle/wrapper/dists/gradle-4.1-all/bzyivzo6n839fup2jbap0tjew/gradle-4.1/lib/kryo-2.20.jar
7f9cd2208000-7f9cd2209000 ---p 00000000 00:00 0 
7f9cd2209000-7f9cd2309000 rw-p 00000000 00:00 0 
7f9cd2309000-7f9cd230c000 ---p 00000000 00:00 0 
7f9cd230c000-7f9cd240a000 rw-p 00000000 00:00 0 
7f9cd240a000-7f9cd240d000 ---p 00000000 00:00 0 
7f9cd240d000-7f9cd250b000 rw-p 00000000 00:00 0 
7f9cd250b000-7f9cd250e000 ---p 00000000 00:00 0 
7f9cd250e000-7f9cd260c000 rw-p 00000000 00:00 0 
7f9cd260c000-7f9cd260f000 ---p 00000000 00:00 0 
7f9cd260f000-7f9cd270d000 rw-p 00000000 00:00 0 
7f9cd270d000-7f9cd2710000 ---p 00000000 00:00 0 
7f9cd2710000-7f9cd280e000 rw-p 00000000 00:00 0 
7f9cd280e000-7f9cd2811000 ---p 00000000 00:00 0 
7f9cd2811000-7f9cd290f000 rw-p 00000000 00:00 0 
7f9cd290f000-7f9cd2be9000 r--p 00000000 08:23 5662459                    /usr/lib/locale/locale-archive
7f9cd2bec000-7f9cd2bef000 ---p 00000000 00:00 0 
7f9cd2bef000-7f9cd2ced000 rw-p 00000000 00:00 0 
7f9cd2ced000-7f9cd2cf0000 ---p 00000000 00:00 0 
7f9cd2cf0000-7f9cd2dee000 rw-p 00000000 00:00 0 
7f9cd2dee000-7f9cd2def000 ---p 00000000 00:00 0 
7f9cd2def000-7f9cd4000000 rw-p 00000000 00:00 0 
7f9cd4000000-7f9cd4029000 rw-p 00000000 00:00 0 
7f9cd4029000-7f9cd8000000 ---p 00000000 00:00 0 
7f9cd8000000-7f9cd8021000 rw-p 00000000 00:00 0 
7f9cd8021000-7f9cdc000000 ---p 00000000 00:00 0 
7f9cdc000000-7f9cdc021000 rw-p 00000000 00:00 0 
7f9cdc021000-7f9ce0000000 ---p 00000000 00:00 0 
7f9ce0006000-7f9ce0008000 r--s 00007000 08:23 7351490                    /home/cristiano/.gradle/wrapper/dists/gradle-4.1-all/bzyivzo6n839fup2jbap0tjew/gradle-4.1/lib/objenesis-1.2.jar
7f9ce000a000-7f9ce0010000 r--s 0002b000 08:23 7351452                    /home/cristiano/.gradle/wrapper/dists/gradle-4.1-all/bzyivzo6n839fup2jbap0tjew/gradle-4.1/lib/gradle-messaging-4.1.jar
7f9ce0015000-7f9ce0017000 r--s 00006000 08:23 7351446                    /home/cristiano/.gradle/wrapper/dists/gradle-4.1-all/bzyivzo6n839fup2jbap0tjew/gradle-4.1/lib/gradle-process-services-4.1.jar
7f9ce0017000-7f9ce0019000 r--s 00000000 08:23 7351444                    /home/cristiano/.gradle/wrapper/dists/gradle-4.1-all/bzyivzo6n839fup2jbap0tjew/gradle-4.1/lib/gradle-jvm-services-4.1.jar
7f9ce001f000-7f9ce0020000 r--s 00000000 08:23 7351466                    /home/cristiano/.gradle/wrapper/dists/gradle-4.1-all/bzyivzo6n839fup2jbap0tjew/gradle-4.1/lib/jcip-annotations-1.0.jar
7f9ce0020000-7f9ce0025000 r--s 00041000 08:23 7351465                    /home/cristiano/.gradle/wrapper/dists/gradle-4.1-all/bzyivzo6n839fup2jbap0tjew/gradle-4.1/lib/commons-lang-2.6.jar
7f9ce0025000-7f9ce0028000 r--s 00006000 08:23 7351464                    /home/cristiano/.gradle/wrapper/dists/gradle-4.1-all/bzyivzo6n839fup2jbap0tjew/gradle-4.1/lib/jsr305-1.3.9.jar
7f9ce002e000-7f9ce0056000 r--s 001cf000 08:23 7351463                    /home/cristiano/.gradle/wrapper/dists/gradle-4.1-all/bzyivzo6n839fup2jbap0tjew/gradle-4.1/lib/guava-jdk5-17.0.jar
7f9ce005c000-7f9ce0064000 r--s 000bd000 08:23 7351457                    /home/cristiano/.gradle/wrapper/dists/gradle-4.1-all/bzyivzo6n839fup2jbap0tjew/gradle-4.1/lib/asm-debug-all-6.0_ALPHA.jar
7f9ce0068000-7f9ce0087000 r--s 001d1000 08:23 7351468                    /home/cristiano/.gradle/wrapper/dists/gradle-4.1-all/bzyivzo6n839fup2jbap0tjew/gradle-4.1/lib/ant-1.9.6.jar
7f9ce008a000-7f9ce0096000 r--s 00053000 08:23 7351453                    /home/cristiano/.gradle/wrapper/dists/gradle-4.1-all/bzyivzo6n839fup2jbap0tjew/gradle-4.1/lib/gradle-base-services-4.1.jar
7f9ce009a000-7f9ce00e4000 r--s 00253000 08:23 7351443                    /home/cristiano/.gradle/wrapper/dists/gradle-4.1-all/bzyivzo6n839fup2jbap0tjew/gradle-4.1/lib/gradle-core-4.1.jar
7f9ce00eb000-7f9ce00f7000 r--s 0005c000 08:23 7351438                    /home/cristiano/.gradle/wrapper/dists/gradle-4.1-all/bzyivzo6n839fup2jbap0tjew/gradle-4.1/lib/gradle-launcher-4.1.jar
7f9ce00f9000-7f9ce4000000 rw-p 00000000 00:00 0 
7f9ce4000000-7f9ce4021000 rw-p 00000000 00:00 0 
7f9ce4021000-7f9ce8000000 ---p 00000000 00:00 0 
7f9ce8006000-7f9ce8007000 r--s 00007000 08:23 7351462                    /home/cristiano/.gradle/wrapper/dists/gradle-4.1-all/bzyivzo6n839fup2jbap0tjew/gradle-4.1/lib/slf4j-api-1.7.10.jar
7f9ce800e000-7f9ce8425000 rw-p 00000000 00:00 0 
7f9ce8425000-7f9ce85f5000 r--s 03c46000 08:23 7276938                    /home/cristiano/android-studio/jre/jre/lib/rt.jar
7f9ce85f9000-7f9ce88f9000 rw-p 00000000 00:00 0 
7f9ce88f9000-7f9ce88fa000 ---p 00000000 00:00 0 
7f9ce88fa000-7f9ce89fa000 rw-p 00000000 00:00 0 
7f9ce89fa000-7f9ce89fb000 ---p 00000000 00:00 0 
7f9ce89fb000-7f9ce8afb000 rw-p 00000000 00:00 0 
7f9ce8afb000-7f9ce8afc000 ---p 00000000 00:00 0 
7f9ce8afc000-7f9ce8bfc000 rw-p 00000000 00:00 0 
7f9ce8bfc000-7f9ce8bfd000 ---p 00000000 00:00 0 
7f9ce8bfd000-7f9ce8cfd000 rw-p 00000000 00:00 0 
7f9ce8cfd000-7f9ce8cfe000 ---p 00000000 00:00 0 
7f9ce8cfe000-7f9ce8dfe000 rw-p 00000000 00:00 0 
7f9ce8dfe000-7f9ce8dff000 ---p 00000000 00:00 0 
7f9ce8dff000-7f9ce8eff000 rw-p 00000000 00:00 0 
7f9ce8eff000-7f9ce8f00000 ---p 00000000 00:00 0 
7f9ce8f00000-7f9ce9000000 rw-p 00000000 00:00 0 
7f9ce9000000-7f9ce9aa0000 rwxp 00000000 00:00 0 
7f9ce9aa0000-7f9cf8000000 ---p 00000000 00:00 0 
7f9cf8000000-7f9cf8d80000 rw-p 00000000 00:00 0 
7f9cf8d80000-7f9cfc000000 ---p 00000000 00:00 0 
7f9cfc006000-7f9cfc00a000 r--s 00027000 08:23 7351458                    /home/cristiano/.gradle/wrapper/dists/gradle-4.1-all/bzyivzo6n839fup2jbap0tjew/gradle-4.1/lib/commons-io-2.2.jar
7f9cfc00e000-7f9cfc0a5000 rw-p 00000000 00:00 0 
7f9cfc0a5000-7f9cfc0a6000 ---p 00000000 00:00 0 
7f9cfc0a6000-7f9cfc1d3000 rw-p 00000000 00:00 0 
7f9cfc1d3000-7f9cfc3a6000 ---p 00000000 00:00 0 
7f9cfc3a6000-7f9cfc3d3000 rw-p 00000000 00:00 0 
7f9cfc3d3000-7f9cfc5a6000 ---p 00000000 00:00 0 
7f9cfc5a6000-7f9cfc62e000 rw-p 00000000 00:00 0 
7f9cfc62e000-7f9cfc6a6000 ---p 00000000 00:00 0 
7f9cfc6a6000-7f9cfc6d2000 rw-p 00000000 00:00 0 
7f9cfc6d2000-7f9cfca67000 ---p 00000000 00:00 0 
7f9cfca67000-7f9cfca81000 r-xp 00000000 08:23 7276990                    /home/cristiano/android-studio/jre/jre/lib/amd64/libzip.so
7f9cfca81000-7f9cfcc81000 ---p 0001a000 08:23 7276990                    /home/cristiano/android-studio/jre/jre/lib/amd64/libzip.so
7f9cfcc81000-7f9cfcc82000 r--p 0001a000 08:23 7276990                    /home/cristiano/android-studio/jre/jre/lib/amd64/libzip.so
7f9cfcc82000-7f9cfcc83000 rw-p 0001b000 08:23 7276990                    /home/cristiano/android-studio/jre/jre/lib/amd64/libzip.so
7f9cfcc87000-7f9cfcc92000 r-xp 00000000 08:23 4195800                    /lib/x86_64-linux-gnu/libnss_files-2.23.so
7f9cfcc92000-7f9cfce91000 ---p 0000b000 08:23 4195800                    /lib/x86_64-linux-gnu/libnss_files-2.23.so
7f9cfce91000-7f9cfce92000 r--p 0000a000 08:23 4195800                    /lib/x86_64-linux-gnu/libnss_files-2.23.so
7f9cfce92000-7f9cfce93000 rw-p 0000b000 08:23 4195800                    /lib/x86_64-linux-gnu/libnss_files-2.23.so
7f9cfce93000-7f9cfce99000 rw-p 00000000 00:00 0 
7f9cfce9f000-7f9cfceaa000 r-xp 00000000 08:23 4195806                    /lib/x86_64-linux-gnu/libnss_nis-2.23.so
7f9cfceaa000-7f9cfd0a9000 ---p 0000b000 08:23 4195806                    /lib/x86_64-linux-gnu/libnss_nis-2.23.so
7f9cfd0a9000-7f9cfd0aa000 r--p 0000a000 08:23 4195806                    /lib/x86_64-linux-gnu/libnss_nis-2.23.so
7f9cfd0aa000-7f9cfd0ab000 rw-p 0000b000 08:23 4195806                    /lib/x86_64-linux-gnu/libnss_nis-2.23.so
7f9cfd0af000-7f9cfd0c5000 r-xp 00000000 08:23 4195792                    /lib/x86_64-linux-gnu/libnsl-2.23.so
7f9cfd0c5000-7f9cfd2c4000 ---p 00016000 08:23 4195792                    /lib/x86_64-linux-gnu/libnsl-2.23.so
7f9cfd2c4000-7f9cfd2c5000 r--p 00015000 08:23 4195792                    /lib/x86_64-linux-gnu/libnsl-2.23.so
7f9cfd2c5000-7f9cfd2c6000 rw-p 00016000 08:23 4195792                    /lib/x86_64-linux-gnu/libnsl-2.23.so
7f9cfd2c6000-7f9cfd2c8000 rw-p 00000000 00:00 0 
7f9cfd2cf000-7f9cfd2d7000 r-xp 00000000 08:23 4195818                    /lib/x86_64-linux-gnu/libnss_compat-2.23.so
7f9cfd2d7000-7f9cfd4d6000 ---p 00008000 08:23 4195818                    /lib/x86_64-linux-gnu/libnss_compat-2.23.so
7f9cfd4d6000-7f9cfd4d7000 r--p 00007000 08:23 4195818                    /lib/x86_64-linux-gnu/libnss_compat-2.23.so
7f9cfd4d7000-7f9cfd4d8000 rw-p 00008000 08:23 4195818                    /lib/x86_64-linux-gnu/libnss_compat-2.23.so
7f9cfd4df000-7f9cfd50c000 r-xp 00000000 08:23 7276972                    /home/cristiano/android-studio/jre/jre/lib/amd64/libjava.so
7f9cfd50c000-7f9cfd70b000 ---p 0002d000 08:23 7276972                    /home/cristiano/android-studio/jre/jre/lib/amd64/libjava.so
7f9cfd70b000-7f9cfd70c000 r--p 0002c000 08:23 7276972                    /home/cristiano/android-studio/jre/jre/lib/amd64/libjava.so
7f9cfd70c000-7f9cfd70e000 rw-p 0002d000 08:23 7276972                    /home/cristiano/android-studio/jre/jre/lib/amd64/libjava.so
7f9cfd70f000-7f9cfd71f000 r-xp 00000000 08:23 7277002                    /home/cristiano/android-studio/jre/jre/lib/amd64/libverify.so
7f9cfd71f000-7f9cfd91e000 ---p 00010000 08:23 7277002                    /home/cristiano/android-studio/jre/jre/lib/amd64/libverify.so
7f9cfd91e000-7f9cfd920000 r--p 0000f000 08:23 7277002                    /home/cristiano/android-studio/jre/jre/lib/amd64/libverify.so
7f9cfd920000-7f9cfd921000 rw-p 00011000 08:23 7277002                    /home/cristiano/android-studio/jre/jre/lib/amd64/libverify.so
7f9cfd927000-7f9cfd92e000 r-xp 00000000 08:23 4195810                    /lib/x86_64-linux-gnu/librt-2.23.so
7f9cfd92e000-7f9cfdb2d000 ---p 00007000 08:23 4195810                    /lib/x86_64-linux-gnu/librt-2.23.so
7f9cfdb2d000-7f9cfdb2e000 r--p 00006000 08:23 4195810                    /lib/x86_64-linux-gnu/librt-2.23.so
7f9cfdb2e000-7f9cfdb2f000 rw-p 00007000 08:23 4195810                    /lib/x86_64-linux-gnu/librt-2.23.so
7f9cfdb2f000-7f9cfdc37000 r-xp 00000000 08:23 4195828                    /lib/x86_64-linux-gnu/libm-2.23.so
7f9cfdc37000-7f9cfde36000 ---p 00108000 08:23 4195828                    /lib/x86_64-linux-gnu/libm-2.23.so
7f9cfde36000-7f9cfde37000 r--p 00107000 08:23 4195828                    /lib/x86_64-linux-gnu/libm-2.23.so
7f9cfde37000-7f9cfde38000 rw-p 00108000 08:23 4195828                    /lib/x86_64-linux-gnu/libm-2.23.so
7f9cfde3f000-7f9cfea37000 r-xp 00000000 08:23 7276989                    /home/cristiano/android-studio/jre/jre/lib/amd64/server/libjvm.so
7f9cfea37000-7f9cfec37000 ---p 00bf8000 08:23 7276989                    /home/cristiano/android-studio/jre/jre/lib/amd64/server/libjvm.so
7f9cfec37000-7f9cfecd6000 r--p 00bf8000 08:23 7276989                    /home/cristiano/android-studio/jre/jre/lib/amd64/server/libjvm.so
7f9cfecd6000-7f9cfecff000 rw-p 00c97000 08:23 7276989                    /home/cristiano/android-studio/jre/jre/lib/amd64/server/libjvm.so
7f9cfecff000-7f9cfed43000 rw-p 00000000 00:00 0 
7f9cfed47000-7f9cfed5f000 r-xp 00000000 08:23 4195804                    /lib/x86_64-linux-gnu/libpthread-2.23.so
7f9cfed5f000-7f9cfef5e000 ---p 00018000 08:23 4195804                    /lib/x86_64-linux-gnu/libpthread-2.23.so
7f9cfef5e000-7f9cfef5f000 r--p 00017000 08:23 4195804                    /lib/x86_64-linux-gnu/libpthread-2.23.so
7f9cfef5f000-7f9cfef60000 rw-p 00018000 08:23 4195804                    /lib/x86_64-linux-gnu/libpthread-2.23.so
7f9cfef60000-7f9cfef64000 rw-p 00000000 00:00 0 
7f9cfef67000-7f9cfef6a000 r-xp 00000000 08:23 4195816                    /lib/x86_64-linux-gnu/libdl-2.23.so
7f9cfef6a000-7f9cff169000 ---p 00003000 08:23 4195816                    /lib/x86_64-linux-gnu/libdl-2.23.so
7f9cff169000-7f9cff16a000 r--p 00002000 08:23 4195816                    /lib/x86_64-linux-gnu/libdl-2.23.so
7f9cff16a000-7f9cff16b000 rw-p 00003000 08:23 4195816                    /lib/x86_64-linux-gnu/libdl-2.23.so
7f9cff16f000-7f9cff32f000 r-xp 00000000 08:23 4195836                    /lib/x86_64-linux-gnu/libc-2.23.so
7f9cff32f000-7f9cff52f000 ---p 001c0000 08:23 4195836                    /lib/x86_64-linux-gnu/libc-2.23.so
7f9cff52f000-7f9cff533000 r--p 001c0000 08:23 4195836                    /lib/x86_64-linux-gnu/libc-2.23.so
7f9cff533000-7f9cff535000 rw-p 001c4000 08:23 4195836                    /lib/x86_64-linux-gnu/libc-2.23.so
7f9cff535000-7f9cff539000 rw-p 00000000 00:00 0 
7f9cff53f000-7f9cff555000 r-xp 00000000 08:23 7276905                    /home/cristiano/android-studio/jre/lib/amd64/jli/libjli.so
7f9cff555000-7f9cff754000 ---p 00016000 08:23 7276905                    /home/cristiano/android-studio/jre/lib/amd64/jli/libjli.so
7f9cff754000-7f9cff755000 r--p 00015000 08:23 7276905                    /home/cristiano/android-studio/jre/lib/amd64/jli/libjli.so
7f9cff755000-7f9cff756000 rw-p 00016000 08:23 7276905                    /home/cristiano/android-studio/jre/lib/amd64/jli/libjli.so
7f9cff757000-7f9cff77d000 r-xp 00000000 08:23 4195794                    /lib/x86_64-linux-gnu/ld-2.23.so
7f9cff780000-7f9cff845000 rw-p 00000000 00:00 0 
7f9cff845000-7f9cff848000 ---p 00000000 00:00 0 
7f9cff848000-7f9cff947000 rw-p 00000000 00:00 0 
7f9cff94b000-7f9cff94c000 r--s 00004000 08:23 7351474                    /home/cristiano/.gradle/wrapper/dists/gradle-4.1-all/bzyivzo6n839fup2jbap0tjew/gradle-4.1/lib/ant-launcher-1.9.6.jar
7f9cff951000-7f9cff96f000 rw-p 00000000 00:00 0 
7f9cff96f000-7f9cff977000 rw-s 00000000 08:23 323757                     /tmp/hsperfdata_cristiano/14275
7f9cff979000-7f9cff97a000 rw-p 00000000 00:00 0 
7f9cff97a000-7f9cff97b000 ---p 00000000 00:00 0 
7f9cff97b000-7f9cff97c000 rw-p 00000000 00:00 0 
7f9cff97c000-7f9cff97d000 r--p 00025000 08:23 4195794                    /lib/x86_64-linux-gnu/ld-2.23.so
7f9cff97d000-7f9cff97e000 rw-p 00026000 08:23 4195794                    /lib/x86_64-linux-gnu/ld-2.23.so
7f9cff97e000-7f9cff980000 rw-p 00000000 00:00 0 
7f9cff980000-7f9cff983000 rw-p 00000000 00:00 0 
7ffed7ded000-7ffed7e0e000 rw-p 00000000 00:00 0                          [stack]
7ffed7fbf000-7ffed7fc1000 r--p 00000000 00:00 0                          [vvar]
7ffed7fc1000-7ffed7fc3000 r-xp 00000000 00:00 0                          [vdso]
ffffffffff600000-ffffffffff601000 r-xp 00000000 00:00 0                  [vsyscall]

VM Arguments:
jvm_args: -Xmx1536m -Dfile.encoding=UTF-8 -Duser.country=BR -Duser.language=pt -Duser.variant 
java_command: org.gradle.launcher.daemon.bootstrap.GradleDaemon 4.1
java_class_path (initial): /home/cristiano/.gradle/wrapper/dists/gradle-4.1-all/bzyivzo6n839fup2jbap0tjew/gradle-4.1/lib/gradle-launcher-4.1.jar
Launcher Type: SUN_STANDARD

Environment Variables:
JAVA_HOME=/usr/lib/jvm/java-8-oracle
PATH=/usr/games:/usr/local/sbin:/usr/local/bin:/usr/sbin:/usr/bin:/sbin:/bin:/usr/games:/usr/local/games:/snap/bin
LD_LIBRARY_PATH=/home/cristiano/android-studio/bin:
SHELL=/bin/bash
DISPLAY=:0

Signal Handlers:
SIGSEGV: [libjvm.so+0x9ebc60], sa_mask[0]=11111111011111111101111111111110, sa_flags=SA_RESTART|SA_SIGINFO
SIGBUS: [libjvm.so+0x9ebc60], sa_mask[0]=11111111011111111101111111111110, sa_flags=SA_RESTART|SA_SIGINFO
SIGFPE: [libjvm.so+0x84cf60], sa_mask[0]=11111111011111111101111111111110, sa_flags=SA_RESTART|SA_SIGINFO
SIGPIPE: [libjvm.so+0x84cf60], sa_mask[0]=11111111011111111101111111111110, sa_flags=SA_RESTART|SA_SIGINFO
SIGXFSZ: [libjvm.so+0x84cf60], sa_mask[0]=11111111011111111101111111111110, sa_flags=SA_RESTART|SA_SIGINFO
SIGILL: [libjvm.so+0x84cf60], sa_mask[0]=11111111011111111101111111111110, sa_flags=SA_RESTART|SA_SIGINFO
SIGUSR1: SIG_DFL, sa_mask[0]=00000000000000000000000000000000, sa_flags=none
SIGUSR2: [libjvm.so+0x84ce30], sa_mask[0]=00100000000000000000000000000000, sa_flags=SA_RESTART|SA_SIGINFO
SIGHUP: [libjvm.so+0x84d020], sa_mask[0]=11111111011111111101111111111110, sa_flags=SA_RESTART|SA_SIGINFO
SIGINT: [libjvm.so+0x84d020], sa_mask[0]=11111111011111111101111111111110, sa_flags=SA_RESTART|SA_SIGINFO
SIGTERM: [libjvm.so+0x84d020], sa_mask[0]=11111111011111111101111111111110, sa_flags=SA_RESTART|SA_SIGINFO
SIGQUIT: [libjvm.so+0x84d020], sa_mask[0]=11111111011111111101111111111110, sa_flags=SA_RESTART|SA_SIGINFO


---------------  S Y S T E M  ---------------

OS:DISTRIB_ID=Ubuntu
DISTRIB_RELEASE=16.04
DISTRIB_CODENAME=xenial
DISTRIB_DESCRIPTION="Ubuntu 16.04.3 LTS"

uname:Linux 4.4.0-98-generic #121-Ubuntu SMP Tue Oct 10 14:24:03 UTC 2017 x86_64
libc:glibc 2.23 NPTL 2.23 
rlimit: STACK 8192k, CORE infinity, NPROC 63521, NOFILE 1048576, AS infinity
load average:2,14 2,34 1,73

/proc/meminfo:
MemTotal:       16375776 kB
MemFree:         4150756 kB
MemAvailable:    9283800 kB
Buffers:         1006564 kB
Cached:          4016536 kB
SwapCached:            0 kB
Active:          7665752 kB
Inactive:        2727552 kB
Active(anon):    5377688 kB
Inactive(anon):   240684 kB
Active(file):    2288064 kB
Inactive(file):  2486868 kB
Unevictable:          88 kB
Mlocked:              88 kB
SwapTotal:             0 kB
SwapFree:              0 kB
Dirty:             19376 kB
Writeback:             0 kB
AnonPages:       5370484 kB
Mapped:          1385648 kB
Shmem:            248172 kB
Slab:             778456 kB
SReclaimable:     696356 kB
SUnreclaim:        82100 kB
KernelStack:       13696 kB
PageTables:        62528 kB
NFS_Unstable:          0 kB
Bounce:                0 kB
WritebackTmp:          0 kB
CommitLimit:     8187888 kB
Committed_AS:   11658604 kB
VmallocTotal:   34359738367 kB
VmallocUsed:           0 kB
VmallocChunk:          0 kB
HardwareCorrupted:     0 kB
AnonHugePages:   3473408 kB
CmaTotal:              0 kB
CmaFree:               0 kB
HugePages_Total:       0
HugePages_Free:        0
HugePages_Rsvd:        0
HugePages_Surp:        0
Hugepagesize:       2048 kB
DirectMap4k:     1084068 kB
DirectMap2M:    12490752 kB
DirectMap1G:     3145728 kB


CPU:total 8 (initial active 8) (8 cores per cpu, 1 threads per core) family 21 model 1 stepping 2, cmov, cx8, fxsr, mmx, sse, sse2, sse3, ssse3, sse4.1, sse4.2, popcnt, avx, aes, clmul, mmxext, 3dnowpref, lzcnt, sse4a, tsc, tscinvbit, tscinv

/proc/cpuinfo:
processor	: 0
vendor_id	: AuthenticAMD
cpu family	: 21
model		: 1
model name	: AMD FX(tm)-8120 Eight-Core Processor
stepping	: 2
microcode	: 0x6000629
cpu MHz		: 3100.157
cache size	: 2048 KB
physical id	: 0
siblings	: 8
core id		: 0
cpu cores	: 4
apicid		: 16
initial apicid	: 0
fpu		: yes
fpu_exception	: yes
cpuid level	: 13
wp		: yes
flags		: fpu vme de pse tsc msr pae mce cx8 apic sep mtrr pge mca cmov pat pse36 clflush mmx fxsr sse sse2 ht syscall nx mmxext fxsr_opt pdpe1gb rdtscp lm constant_tsc rep_good nopl nonstop_tsc extd_apicid aperfmperf pni pclmulqdq monitor ssse3 cx16 sse4_1 sse4_2 popcnt aes xsave avx lahf_lm cmp_legacy svm extapic cr8_legacy abm sse4a misalignsse 3dnowprefetch osvw ibs xop skinit wdt lwp fma4 nodeid_msr topoext perfctr_core perfctr_nb cpb hw_pstate vmmcall arat npt lbrv svm_lock nrip_save tsc_scale vmcb_clean flushbyasid decodeassists pausefilter pfthreshold
bugs		: fxsave_leak sysret_ss_attrs
bogomips	: 6200.31
TLB size	: 1536 4K pages
clflush size	: 64
cache_alignment	: 64
address sizes	: 48 bits physical, 48 bits virtual
power management: ts ttp tm 100mhzsteps hwpstate cpb

processor	: 1
vendor_id	: AuthenticAMD
cpu family	: 21
model		: 1
model name	: AMD FX(tm)-8120 Eight-Core Processor
stepping	: 2
microcode	: 0x6000629
cpu MHz		: 3100.157
cache size	: 2048 KB
physical id	: 0
siblings	: 8
core id		: 1
cpu cores	: 4
apicid		: 17
initial apicid	: 1
fpu		: yes
fpu_exception	: yes
cpuid level	: 13
wp		: yes
flags		: fpu vme de pse tsc msr pae mce cx8 apic sep mtrr pge mca cmov pat pse36 clflush mmx fxsr sse sse2 ht syscall nx mmxext fxsr_opt pdpe1gb rdtscp lm constant_tsc rep_good nopl nonstop_tsc extd_apicid aperfmperf pni pclmulqdq monitor ssse3 cx16 sse4_1 sse4_2 popcnt aes xsave avx lahf_lm cmp_legacy svm extapic cr8_legacy abm sse4a misalignsse 3dnowprefetch osvw ibs xop skinit wdt lwp fma4 nodeid_msr topoext perfctr_core perfctr_nb cpb hw_pstate vmmcall arat npt lbrv svm_lock nrip_save tsc_scale vmcb_clean flushbyasid decodeassists pausefilter pfthreshold
bugs		: fxsave_leak sysret_ss_attrs
bogomips	: 6200.31
TLB size	: 1536 4K pages
clflush size	: 64
cache_alignment	: 64
address sizes	: 48 bits physical, 48 bits virtual
power management: ts ttp tm 100mhzsteps hwpstate cpb

processor	: 2
vendor_id	: AuthenticAMD
cpu family	: 21
model		: 1
model name	: AMD FX(tm)-8120 Eight-Core Processor
stepping	: 2
microcode	: 0x6000629
cpu MHz		: 3100.157
cache size	: 2048 KB
physical id	: 0
siblings	: 8
core id		: 2
cpu cores	: 4
apicid		: 18
initial apicid	: 2
fpu		: yes
fpu_exception	: yes
cpuid level	: 13
wp		: yes
flags		: fpu vme de pse tsc msr pae mce cx8 apic sep mtrr pge mca cmov pat pse36 clflush mmx fxsr sse sse2 ht syscall nx mmxext fxsr_opt pdpe1gb rdtscp lm constant_tsc rep_good nopl nonstop_tsc extd_apicid aperfmperf pni pclmulqdq monitor ssse3 cx16 sse4_1 sse4_2 popcnt aes xsave avx lahf_lm cmp_legacy svm extapic cr8_legacy abm sse4a misalignsse 3dnowprefetch osvw ibs xop skinit wdt lwp fma4 nodeid_msr topoext perfctr_core perfctr_nb cpb hw_pstate vmmcall arat npt lbrv svm_lock nrip_save tsc_scale vmcb_clean flushbyasid decodeassists pausefilter pfthreshold
bugs		: fxsave_leak sysret_ss_attrs
bogomips	: 6200.31
TLB size	: 1536 4K pages
clflush size	: 64
cache_alignment	: 64
address sizes	: 48 bits physical, 48 bits virtual
power management: ts ttp tm 100mhzsteps hwpstate cpb

processor	: 3
vendor_id	: AuthenticAMD
cpu family	: 21
model		: 1
model name	: AMD FX(tm)-8120 Eight-Core Processor
stepping	: 2
microcode	: 0x6000629
cpu MHz		: 3100.157
cache size	: 2048 KB
physical id	: 0
siblings	: 8
core id		: 3
cpu cores	: 4
apicid		: 19
initial apicid	: 3
fpu		: yes
fpu_exception	: yes
cpuid level	: 13
wp		: yes
flags		: fpu vme de pse tsc msr pae mce cx8 apic sep mtrr pge mca cmov pat pse36 clflush mmx fxsr sse sse2 ht syscall nx mmxext fxsr_opt pdpe1gb rdtscp lm constant_tsc rep_good nopl nonstop_tsc extd_apicid aperfmperf pni pclmulqdq monitor ssse3 cx16 sse4_1 sse4_2 popcnt aes xsave avx lahf_lm cmp_legacy svm extapic cr8_legacy abm sse4a misalignsse 3dnowprefetch osvw ibs xop skinit wdt lwp fma4 nodeid_msr topoext perfctr_core perfctr_nb cpb hw_pstate vmmcall arat npt lbrv svm_lock nrip_save tsc_scale vmcb_clean flushbyasid decodeassists pausefilter pfthreshold
bugs		: fxsave_leak sysret_ss_attrs
bogomips	: 6200.31
TLB size	: 1536 4K pages
clflush size	: 64
cache_alignment	: 64
address sizes	: 48 bits physical, 48 bits virtual
power management: ts ttp tm 100mhzsteps hwpstate cpb

processor	: 4
vendor_id	: AuthenticAMD
cpu family	: 21
model		: 1
model name	: AMD FX(tm)-8120 Eight-Core Processor
stepping	: 2
microcode	: 0x6000629
cpu MHz		: 3100.157
cache size	: 2048 KB
physical id	: 0
siblings	: 8
core id		: 4
cpu cores	: 4
apicid		: 20
initial apicid	: 4
fpu		: yes
fpu_exception	: yes
cpuid level	: 13
wp		: yes
flags		: fpu vme de pse tsc msr pae mce cx8 apic sep mtrr pge mca cmov pat pse36 clflush mmx fxsr sse sse2 ht syscall nx mmxext fxsr_opt pdpe1gb rdtscp lm constant_tsc rep_good nopl nonstop_tsc extd_apicid aperfmperf pni pclmulqdq monitor ssse3 cx16 sse4_1 sse4_2 popcnt aes xsave avx lahf_lm cmp_legacy svm extapic cr8_legacy abm sse4a misalignsse 3dnowprefetch osvw ibs xop skinit wdt lwp fma4 nodeid_msr topoext perfctr_core perfctr_nb cpb hw_pstate vmmcall arat npt lbrv svm_lock nrip_save tsc_scale vmcb_clean flushbyasid decodeassists pausefilter pfthreshold
bugs		: fxsave_leak sysret_ss_attrs
bogomips	: 6200.31
TLB size	: 1536 4K pages
clflush size	: 64
cache_alignment	: 64
address sizes	: 48 bits physical, 48 bits virtual
power management: ts ttp tm 100mhzsteps hwpstate cpb

processor	: 5
vendor_id	: AuthenticAMD
cpu family	: 21
model		: 1
model name	: AMD FX(tm)-8120 Eight-Core Processor
stepping	: 2
microcode	: 0x6000629
cpu MHz		: 3100.157
cache size	: 2048 KB
physical id	: 0
siblings	: 8
core id		: 5
cpu cores	: 4
apicid		: 21
initial apicid	: 5
fpu		: yes
fpu_exception	: yes
cpuid level	: 13
wp		: yes
flags		: fpu vme de pse tsc msr pae mce cx8 apic sep mtrr pge mca cmov pat pse36 clflush mmx fxsr sse sse2 ht syscall nx mmxext fxsr_opt pdpe1gb rdtscp lm constant_tsc rep_good nopl nonstop_tsc extd_apicid aperfmperf pni pclmulqdq monitor ssse3 cx16 sse4_1 sse4_2 popcnt aes xsave avx lahf_lm cmp_legacy svm extapic cr8_legacy abm sse4a misalignsse 3dnowprefetch osvw ibs xop skinit wdt lwp fma4 nodeid_msr topoext perfctr_core perfctr_nb cpb hw_pstate vmmcall arat npt lbrv svm_lock nrip_save tsc_scale vmcb_clean flushbyasid decodeassists pausefilter pfthreshold
bugs		: fxsave_leak sysret_ss_attrs
bogomips	: 6200.31
TLB size	: 1536 4K pages
clflush size	: 64
cache_alignment	: 64
address sizes	: 48 bits physical, 48 bits virtual
power management: ts ttp tm 100mhzsteps hwpstate cpb

processor	: 6
vendor_id	: AuthenticAMD
cpu family	: 21
model		: 1
model name	: AMD FX(tm)-8120 Eight-Core Processor
stepping	: 2
microcode	: 0x6000629
cpu MHz		: 3100.157
cache size	: 2048 KB
physical id	: 0
siblings	: 8
core id		: 6
cpu cores	: 4
apicid		: 22
initial apicid	: 6
fpu		: yes
fpu_exception	: yes
cpuid level	: 13
wp		: yes
flags		: fpu vme de pse tsc msr pae mce cx8 apic sep mtrr pge mca cmov pat pse36 clflush mmx fxsr sse sse2 ht syscall nx mmxext fxsr_opt pdpe1gb rdtscp lm constant_tsc rep_good nopl nonstop_tsc extd_apicid aperfmperf pni pclmulqdq monitor ssse3 cx16 sse4_1 sse4_2 popcnt aes xsave avx lahf_lm cmp_legacy svm extapic cr8_legacy abm sse4a misalignsse 3dnowprefetch osvw ibs xop skinit wdt lwp fma4 nodeid_msr topoext perfctr_core perfctr_nb cpb hw_pstate vmmcall arat npt lbrv svm_lock nrip_save tsc_scale vmcb_clean flushbyasid decodeassists pausefilter pfthreshold
bugs		: fxsave_leak sysret_ss_attrs
bogomips	: 6200.31
TLB size	: 1536 4K pages
clflush size	: 64
cache_alignment	: 64
address sizes	: 48 bits physical, 48 bits virtual
power management: ts ttp tm 100mhzsteps hwpstate cpb

processor	: 7
vendor_id	: AuthenticAMD
cpu family	: 21
model		: 1
model name	: AMD FX(tm)-8120 Eight-Core Processor
stepping	: 2
microcode	: 0x6000629
cpu MHz		: 3100.157
cache size	: 2048 KB
physical id	: 0
siblings	: 8
core id		: 7
cpu cores	: 4
apicid		: 23
initial apicid	: 7
fpu		: yes
fpu_exception	: yes
cpuid level	: 13
wp		: yes
flags		: fpu vme de pse tsc msr pae mce cx8 apic sep mtrr pge mca cmov pat pse36 clflush mmx fxsr sse sse2 ht syscall nx mmxext fxsr_opt pdpe1gb rdtscp lm constant_tsc rep_good nopl nonstop_tsc extd_apicid aperfmperf pni pclmulqdq monitor ssse3 cx16 sse4_1 sse4_2 popcnt aes xsave avx lahf_lm cmp_legacy svm extapic cr8_legacy abm sse4a misalignsse 3dnowprefetch osvw ibs xop skinit wdt lwp fma4 nodeid_msr topoext perfctr_core perfctr_nb cpb hw_pstate vmmcall arat npt lbrv svm_lock nrip_save tsc_scale vmcb_clean flushbyasid decodeassists pausefilter pfthreshold
bugs		: fxsave_leak sysret_ss_attrs
bogomips	: 6200.31
TLB size	: 1536 4K pages
clflush size	: 64
cache_alignment	: 64
address sizes	: 48 bits physical, 48 bits virtual
power management: ts ttp tm 100mhzsteps hwpstate cpb



Memory: 4k page, physical 16375776k(4150756k free), swap 0k(0k free)

vm_info: OpenJDK 64-Bit Server VM (25.152-b01) for linux-amd64 JRE (1.8.0_152-release-915-b01), built by "builder" with gcc 4.8.4

time: Mon Mar 26 13:49:15 2018
elapsed time: 3 seconds (0d 0h 0m 3s)

